#
# There is insufficient memory for the Java Runtime Environment to continue.
# Native memory allocation (mmap) failed to map 132120576 bytes for G1 virtual space
# Possible reasons:
#   The system is out of physical RAM or swap space
#   The process is running with CompressedOops enabled, and the Java Heap may be blocking the growth of the native heap
# Possible solutions:
#   Reduce memory load on the system
#   Increase physical memory or swap space
#   Check if swap backing store is full
#   Decrease Java heap size (-Xmx/-Xms)
#   Decrease number of Java threads
#   Decrease Java thread stack sizes (-Xss)
#   Set larger code cache with -XX:ReservedCodeCacheSize=
#   JVM is running with Unscaled Compressed Oops mode in which the Java heap is
#     placed in the first 4GB address space. The Java Heap base address is the
#     maximum limit for the native heap growth. Please use -XX:HeapBaseMinAddress
#     to set the Java Heap base and to place the Java Heap above 4GB virtual address.
# This output file may be truncated or incomplete.
#
#  Out of Memory Error (os_windows.cpp:3530), pid=8608, tid=18708
#
# JRE version:  (18.0+36) (build )
# Java VM: Java HotSpot(TM) 64-Bit Server VM (18+36-2087, mixed mode, sharing, tiered, compressed oops, compressed class ptrs, g1 gc, windows-amd64)
# No core dump will be written. Minidumps are not enabled by default on client versions of Windows
#

---------------  S U M M A R Y ------------

Command Line: -Dclassworlds.conf=C:\Program Files\NetBeans-13\netbeans\java\maven\bin\m2.conf -Dmaven.home=C:\Program Files\NetBeans-13\netbeans\java\maven -Dlibrary.jansi.path=C:\Program Files\NetBeans-13\netbeans\java\maven\lib\jansi-native -Dmaven.multiModuleProjectDirectory=C:\Users\juanm\OneDrive\Escritorio\Proyectos repositorios\Proyecto-de-Programacion\LosEntussi org.codehaus.plexus.classworlds.launcher.Launcher -Dexec.vmArgs= -Dexec.args=${exec.vmArgs} -classpath %classpath ${exec.mainClass} ${exec.appArgs} -Dexec.appArgs= -Dexec.mainClass=com.mycompany.losentussi.Dibujar -Dexec.executable=C:\Program Files\Java\jdk-18\bin\java.exe -Dmaven.ext.class.path=C:\Program Files\NetBeans-13\netbeans\java\maven-nblib\netbeans-eventspy.jar org.codehaus.mojo:exec-maven-plugin:3.0.0:exec

Host: Intel(R) Core(TM) i5-10300H CPU @ 2.50GHz, 8 cores, 7G,  Windows 10 , 64 bit Build 19041 (10.0.19041.1889)
Time: Sun Oct 23 19:54:34 2022 Hora verano Sudamérica Pacífico elapsed time: 0.016064 seconds (0d 0h 0m 0s)

---------------  T H R E A D  ---------------

Current thread (0x000001d43bd47300):  JavaThread "Unknown thread" [_thread_in_vm, id=18708, stack(0x00000059e3400000,0x00000059e3500000)]

Stack: [0x00000059e3400000,0x00000059e3500000]
Native frames: (J=compiled Java code, j=interpreted, Vv=VM code, C=native code)
V  [jvm.dll+0x69804a]
V  [jvm.dll+0x7f308d]
V  [jvm.dll+0x7f499e]
V  [jvm.dll+0x7f5053]
V  [jvm.dll+0x25ca3f]
V  [jvm.dll+0x694f99]
V  [jvm.dll+0x689aca]
V  [jvm.dll+0x321efb]
V  [jvm.dll+0x3298d6]
V  [jvm.dll+0x37e47e]
V  [jvm.dll+0x37e6af]
V  [jvm.dll+0x2f9c7a]
V  [jvm.dll+0x2facdd]
V  [jvm.dll+0x7c1cc0]
V  [jvm.dll+0x38b801]
V  [jvm.dll+0x7a09d3]
V  [jvm.dll+0x40d6bf]
V  [jvm.dll+0x40f091]
C  [jli.dll+0x526b]
C  [ucrtbase.dll+0x21bb2]
C  [KERNEL32.DLL+0x17034]
C  [ntdll.dll+0x526a1]


---------------  P R O C E S S  ---------------

Threads class SMR info:
_java_thread_list=0x00007ffa172ee550, length=0, elements={
}

Java Threads: ( => current thread )

Other Threads:
  0x000001d43bda4460 WorkerThread "GC Thread#0" [stack: 0x00000059e3500000,0x00000059e3600000] [id=1060]
  0x000001d43bdb5bb0 ConcurrentGCThread "G1 Main Marker" [stack: 0x00000059e3600000,0x00000059e3700000] [id=13544]
  0x000001d43bdb6c50 WorkerThread "G1 Conc#0" [stack: 0x00000059e3700000,0x00000059e3800000] [id=19076]

[error occurred during error reporting (printing all threads), id 0xc0000005, EXCEPTION_ACCESS_VIOLATION (0xc0000005) at pc=0x00007ffa16b1a217]

VM state: not at safepoint (not fully initialized)

VM Mutex/Monitor currently owned by a thread:  ([mutex/lock_event])
[0x000001d43bd42670] Heap_lock - owner thread: 0x000001d43bd47300

Heap address: 0x0000000083800000, size: 1992 MB, Compressed Oops mode: 32-bit

CDS archive(s) mapped at: [0x0000000000000000-0x0000000000000000-0x0000000000000000), size 0, SharedBaseAddress: 0x0000000800000000, ArchiveRelocationMode: 0.
Narrow klass base: 0x0000000000000000, Narrow klass shift: 0, Narrow klass range: 0x0

GC Precious Log:
 CardTable entry size: 512
 Card Set container configuration: InlinePtr #cards 5 size 8 Array Of Cards #cards 12 size 40 Howl #buckets 4 coarsen threshold 1843 Howl Bitmap #cards 512 size 80 coarsen threshold 460 Card regions per heap region 1 cards per card region 2048

Heap:
 garbage-first heap   total 0K, used 0K [0x0000000083800000, 0x0000000100000000)
  region size 1024K, 0 young (0K), 0 survivors (0K)

[error occurred during error reporting (printing heap information), id 0xc0000005, EXCEPTION_ACCESS_VIOLATION (0xc0000005) at pc=0x00007ffa16f00489]

GC Heap History (0 events):
No events

Deoptimization events (0 events):
No events

Classes loaded (0 events):
No events

Classes unloaded (0 events):
No events

Classes redefined (0 events):
No events

Internal exceptions (0 events):
No events

VM Operations (0 events):
No events

Events (1 events):
Event: 0.009 Loaded shared library C:\Program Files\Java\jdk-18\bin\java.dll


Dynamic libraries:
0x00007ff75bd20000 - 0x00007ff75bd30000 	C:\Program Files\Java\jdk-18\bin\java.exe
0x00007ffa70e30000 - 0x00007ffa71028000 	C:\WINDOWS\SYSTEM32\ntdll.dll
0x00007ffa6f020000 - 0x00007ffa6f0dd000 	C:\WINDOWS\System32\KERNEL32.DLL
0x00007ffa6e7f0000 - 0x00007ffa6eac2000 	C:\WINDOWS\System32\KERNELBASE.dll
0x00007ffa6e690000 - 0x00007ffa6e790000 	C:\WINDOWS\System32\ucrtbase.dll
0x00007ffa64a90000 - 0x00007ffa64aaa000 	C:\Program Files\Java\jdk-18\bin\VCRUNTIME140.dll
0x00007ffa65810000 - 0x00007ffa65828000 	C:\Program Files\Java\jdk-18\bin\jli.dll
0x00007ffa70b60000 - 0x00007ffa70c0e000 	C:\WINDOWS\System32\ADVAPI32.dll
0x00007ffa6fb60000 - 0x00007ffa6fbfe000 	C:\WINDOWS\System32\msvcrt.dll
0x00007ffa6f820000 - 0x00007ffa6f8bc000 	C:\WINDOWS\System32\sechost.dll
0x00007ffa70c10000 - 0x00007ffa70d35000 	C:\WINDOWS\System32\RPCRT4.dll
0x00007ffa70070000 - 0x00007ffa7020d000 	C:\WINDOWS\System32\USER32.dll
0x00007ffa512e0000 - 0x00007ffa5157a000 	C:\WINDOWS\WinSxS\amd64_microsoft.windows.common-controls_6595b64144ccf1df_6.0.19041.1110_none_60b5254171f9507e\COMCTL32.dll
0x00007ffa6e790000 - 0x00007ffa6e7b2000 	C:\WINDOWS\System32\win32u.dll
0x00007ffa6f200000 - 0x00007ffa6f22b000 	C:\WINDOWS\System32\GDI32.dll
0x00007ffa6eca0000 - 0x00007ffa6edaf000 	C:\WINDOWS\System32\gdi32full.dll
0x00007ffa6e540000 - 0x00007ffa6e5dd000 	C:\WINDOWS\System32\msvcp_win.dll
0x00007ffa5f750000 - 0x00007ffa5f75a000 	C:\WINDOWS\SYSTEM32\VERSION.dll
0x00007ffa6f7f0000 - 0x00007ffa6f820000 	C:\WINDOWS\System32\IMM32.DLL
0x00007ffa64ba0000 - 0x00007ffa64bac000 	C:\Program Files\Java\jdk-18\bin\vcruntime140_1.dll
0x00007ffa0d7b0000 - 0x00007ffa0d83d000 	C:\Program Files\Java\jdk-18\bin\msvcp140.dll
0x00007ffa16810000 - 0x00007ffa17421000 	C:\Program Files\Java\jdk-18\bin\server\jvm.dll
0x00007ffa6ee90000 - 0x00007ffa6ee98000 	C:\WINDOWS\System32\PSAPI.DLL
0x00007ffa64bb0000 - 0x00007ffa64bb9000 	C:\WINDOWS\SYSTEM32\WSOCK32.dll
0x00007ffa52b10000 - 0x00007ffa52b37000 	C:\WINDOWS\SYSTEM32\WINMM.dll
0x00007ffa6f0e0000 - 0x00007ffa6f14b000 	C:\WINDOWS\System32\WS2_32.dll
0x00007ffa6c5e0000 - 0x00007ffa6c5f2000 	C:\WINDOWS\SYSTEM32\kernel.appcore.dll
0x00007ffa42490000 - 0x00007ffa4249a000 	C:\Program Files\Java\jdk-18\bin\jimage.dll
0x00007ffa6c170000 - 0x00007ffa6c354000 	C:\WINDOWS\SYSTEM32\DBGHELP.DLL
0x00007ffa4ffd0000 - 0x00007ffa4fffc000 	C:\WINDOWS\SYSTEM32\dbgcore.DLL
0x00007ffa6edb0000 - 0x00007ffa6ee32000 	C:\WINDOWS\System32\bcryptPrimitives.dll
0x00007ffa1fe70000 - 0x00007ffa1fe95000 	C:\Program Files\Java\jdk-18\bin\java.dll

dbghelp: loaded successfully - version: 4.0.5 - missing functions: none
symbol engine: initialized successfully - sym options: 0x614 - pdb path: .;C:\Program Files\Java\jdk-18\bin;C:\WINDOWS\SYSTEM32;C:\WINDOWS\WinSxS\amd64_microsoft.windows.common-controls_6595b64144ccf1df_6.0.19041.1110_none_60b5254171f9507e;C:\Program Files\Java\jdk-18\bin\server

VM Arguments:
jvm_args: -Dclassworlds.conf=C:\Program Files\NetBeans-13\netbeans\java\maven\bin\m2.conf -Dmaven.home=C:\Program Files\NetBeans-13\netbeans\java\maven -Dlibrary.jansi.path=C:\Program Files\NetBeans-13\netbeans\java\maven\lib\jansi-native -Dmaven.multiModuleProjectDirectory=C:\Users\juanm\OneDrive\Escritorio\Proyectos repositorios\Proyecto-de-Programacion\LosEntussi 
java_command: org.codehaus.plexus.classworlds.launcher.Launcher -Dexec.vmArgs= -Dexec.args=${exec.vmArgs} -classpath %classpath ${exec.mainClass} ${exec.appArgs} -Dexec.appArgs= -Dexec.mainClass=com.mycompany.losentussi.Dibujar -Dexec.executable=C:\Program Files\Java\jdk-18\bin\java.exe -Dmaven.ext.class.path=C:\Program Files\NetBeans-13\netbeans\java\maven-nblib\netbeans-eventspy.jar org.codehaus.mojo:exec-maven-plugin:3.0.0:exec
java_class_path (initial): C:\Program Files\NetBeans-13\netbeans\java\maven\boot\plexus-classworlds-2.6.0.jar
Launcher Type: SUN_STANDARD

[Global flags]
     intx CICompilerCount                          = 4                                         {product} {ergonomic}
     uint ConcGCThreads                            = 2                                         {product} {ergonomic}
     uint G1ConcRefinementThreads                  = 8                                         {product} {ergonomic}
   size_t G1HeapRegionSize                         = 1048576                                   {product} {ergonomic}
    uintx GCDrainStackTargetSize                   = 64                                        {product} {ergonomic}
   size_t InitialHeapSize                          = 132120576                                 {product} {ergonomic}
   size_t MarkStackSize                            = 4194304                                   {product} {ergonomic}
   size_t MaxHeapSize                              = 2088763392                                {product} {ergonomic}
   size_t MinHeapDeltaBytes                        = 1048576                                   {product} {ergonomic}
   size_t MinHeapSize                              = 8388608                                   {product} {ergonomic}
    uintx NonNMethodCodeHeapSize                   = 5839372                                {pd product} {ergonomic}
    uintx NonProfiledCodeHeapSize                  = 122909434                              {pd product} {ergonomic}
    uintx ProfiledCodeHeapSize                     = 122909434                              {pd product} {ergonomic}
    uintx ReservedCodeCacheSize                    = 251658240                              {pd product} {ergonomic}
     bool SegmentedCodeCache                       = true                                      {product} {ergonomic}
   size_t SoftMaxHeapSize                          = 2088763392                             {manageable} {ergonomic}
     bool UseCompressedClassPointers               = true                           {product lp64_product} {ergonomic}
     bool UseCompressedOops                        = true                           {product lp64_product} {ergonomic}
     bool UseG1GC                                  = true                                      {product} {ergonomic}
     bool UseLargePagesIndividualAllocation        = false                                  {pd product} {ergonomic}

Logging:
Log output configuration:
 #0: stdout all=warning uptime,level,tags foldmultilines=false
 #1: stderr all=off uptime,level,tags foldmultilines=false

Environment Variables:
JAVA_HOME=C:\Program Files\Java\jdk-18
PATH=C:\Program Files\Common Files\Oracle\Java\javapath;C:\ProgramData\Oracle\Java\javapath;C:\windows\system32;C:\windows;C:\windows\System32\Wbem;C:\windows\System32\WindowsPowerShell\v1.0\;C:\windows\System32\OpenSSH\;C:\Program Files (x86)\NVIDIA Corporation\PhysX\Common;C:\Program Files\NVIDIA Corporation\NVIDIA NvDLISR;C:\WINDOWS\system32;C:\WINDOWS;C:\WINDOWS\System32\Wbem;C:\WINDOWS\System32\WindowsPowerShell\v1.0\;C:\WINDOWS\System32\OpenSSH\;C:\Program Files\Microsoft SQL Server\Client SDK\ODBC\170\Tools\Binn\;C:\Program Files (x86)\Microsoft SQL Server\150\Tools\Binn\;C:\Program Files\Microsoft SQL Server\150\Tools\Binn\;C:\Program Files\Microsoft SQL Server\150\DTS\Binn\;C:\Program Files (x86)\Microsoft SQL Server\150\DTS\Binn\;C:\Program Files\Azure Data Studio\bin;C:\TDM-GCC-64\bin;C:\Users\juanm\AppData\Local\Programs\Python\Python39\Scripts\;C:\Users\juanm\AppData\Local\Programs\Python\Python39\;C:\Users\juanm\AppData\Local\Microsoft\WindowsApps;C:\Users\juanm\AppData\Local\Programs\Microsoft VS Code\bin;C:\Program Files\Azure Data Studio\bin;C:\Users\juanm\AppData\Local\gitkraken\bin
USERNAME=juanm
OS=Windows_NT
PROCESSOR_IDENTIFIER=Intel64 Family 6 Model 165 Stepping 2, GenuineIntel



---------------  S Y S T E M  ---------------

OS:
 Windows 10 , 64 bit Build 19041 (10.0.19041.1889)
OS uptime: 0 days 7:38 hours

CPU: total 8 (initial active 8) (4 cores per cpu, 2 threads per core) family 6 model 165 stepping 2 microcode 0xc8, cx8, cmov, fxsr, ht, mmx, 3dnowpref, sse, sse2, sse3, ssse3, sse4.1, sse4.2, popcnt, lzcnt, tsc, tscinvbit, avx, avx2, aes, erms, clmul, bmi1, bmi2, adx, fma, vzeroupper, clflush, clflushopt

Memory: 4k page, system-wide physical 7963M (468M free)
TotalPageFile size 32539M (AvailPageFile size 118M)
current process WorkingSet (physical memory assigned to process): 10M, peak: 10M
current process commit charge ("private bytes"): 60M, peak: 186M

vm_info: Java HotSpot(TM) 64-Bit Server VM (18+36-2087) for windows-amd64 JRE (18+36-2087), built on Feb 15 2022 09:43:11 by "mach5one" with MS VC++ 16.8 / 16.9 (VS2019)

END.
