#
# There is insufficient memory for the Java Runtime Environment to continue.
# Native memory allocation (malloc) failed to allocate 231808 bytes for Chunk::new
# Possible reasons:
#   The system is out of physical RAM or swap space
#   The process is running with CompressedOops enabled, and the Java Heap may be blocking the growth of the native heap
# Possible solutions:
#   Reduce memory load on the system
#   Increase physical memory or swap space
#   Check if swap backing store is full
#   Decrease Java heap size (-Xmx/-Xms)
#   Decrease number of Java threads
#   Decrease Java thread stack sizes (-Xss)
#   Set larger code cache with -XX:ReservedCodeCacheSize=
#   JVM is running with Unscaled Compressed Oops mode in which the Java heap is
#     placed in the first 4GB address space. The Java Heap base address is the
#     maximum limit for the native heap growth. Please use -XX:HeapBaseMinAddress
#     to set the Java Heap base and to place the Java Heap above 4GB virtual address.
# This output file may be truncated or incomplete.
#
#  Out of Memory Error (arena.cpp:184), pid=6904, tid=2864
#
# JRE version: Java(TM) SE Runtime Environment (18.0+36) (build 18+36-2087)
# Java VM: Java HotSpot(TM) 64-Bit Server VM (18+36-2087, mixed mode, sharing, tiered, compressed oops, compressed class ptrs, g1 gc, windows-amd64)
# No core dump will be written. Minidumps are not enabled by default on client versions of Windows
#

---------------  S U M M A R Y ------------

Command Line: -Dclassworlds.conf=C:\Program Files\NetBeans-13\netbeans\java\maven\bin\m2.conf -Dmaven.home=C:\Program Files\NetBeans-13\netbeans\java\maven -Dlibrary.jansi.path=C:\Program Files\NetBeans-13\netbeans\java\maven\lib\jansi-native -Dmaven.multiModuleProjectDirectory=C:\Users\juanm\OneDrive\Escritorio\Proyectos repositorios\Proyecto-de-Programacion\LosEntussi org.codehaus.plexus.classworlds.launcher.Launcher -Dexec.vmArgs= -Dexec.args=${exec.vmArgs} -classpath %classpath ${exec.mainClass} ${exec.appArgs} -Dexec.appArgs= -Dexec.mainClass=com.mycompany.losentussi.Dibujar -Dexec.executable=C:\Program Files\Java\jdk-18\bin\java.exe -Dmaven.ext.class.path=C:\Program Files\NetBeans-13\netbeans\java\maven-nblib\netbeans-eventspy.jar org.codehaus.mojo:exec-maven-plugin:3.0.0:exec

Host: Intel(R) Core(TM) i5-10300H CPU @ 2.50GHz, 8 cores, 7G,  Windows 10 , 64 bit Build 19041 (10.0.19041.1889)
Time: Sun Oct 23 21:17:55 2022 Hora verano Sudamérica Pacífico elapsed time: 1.365131 seconds (0d 0h 0m 1s)

---------------  T H R E A D  ---------------

Current thread (0x0000025faf374c10):  JavaThread "C2 CompilerThread0" daemon [_thread_in_native, id=2864, stack(0x0000008c6d800000,0x0000008c6d900000)]


Current CompileTask:
C2:   1365 1702       4       java.lang.reflect.Method::<init> (68 bytes)

Stack: [0x0000008c6d800000,0x0000008c6d900000]
Native frames: (J=compiled Java code, j=interpreted, Vv=VM code, C=native code)
V  [jvm.dll+0x69804a]
V  [jvm.dll+0x7f308d]
V  [jvm.dll+0x7f499e]
V  [jvm.dll+0x7f5053]
V  [jvm.dll+0x25ca3f]
V  [jvm.dll+0xb8c2f]
V  [jvm.dll+0xb8fa5]
V  [jvm.dll+0x385a6b]
V  [jvm.dll+0x34f811]
V  [jvm.dll+0x34ecaa]
V  [jvm.dll+0x22fc21]
V  [jvm.dll+0x22eff1]
V  [jvm.dll+0x1b9cfc]
V  [jvm.dll+0x23e8ca]
V  [jvm.dll+0x23cbac]
V  [jvm.dll+0x7a5781]
V  [jvm.dll+0x79fbba]
V  [jvm.dll+0x696ef5]
C  [ucrtbase.dll+0x21bb2]
C  [KERNEL32.DLL+0x17034]
C  [ntdll.dll+0x526a1]


---------------  P R O C E S S  ---------------

Threads class SMR info:
_java_thread_list=0x0000025fb3f18910, length=13, elements={
0x0000025f8f19cfa0, 0x0000025faf34fc10, 0x0000025faf350c60, 0x0000025faf36a5e0,
0x0000025faf36cab0, 0x0000025faf36d710, 0x0000025faf36e5f0, 0x0000025faf374c10,
0x0000025faf3759f0, 0x0000025faf376690, 0x0000025fb3890d70, 0x0000025fb38b5670,
0x0000025fb3d7fc80
}

Java Threads: ( => current thread )
  0x0000025f8f19cfa0 JavaThread "main" [_thread_in_vm, id=2920, stack(0x0000008c6cb00000,0x0000008c6cc00000)]
  0x0000025faf34fc10 JavaThread "Reference Handler" daemon [_thread_blocked, id=13444, stack(0x0000008c6d200000,0x0000008c6d300000)]
  0x0000025faf350c60 JavaThread "Finalizer" daemon [_thread_blocked, id=7568, stack(0x0000008c6d300000,0x0000008c6d400000)]
  0x0000025faf36a5e0 JavaThread "Signal Dispatcher" daemon [_thread_blocked, id=15184, stack(0x0000008c6d400000,0x0000008c6d500000)]
  0x0000025faf36cab0 JavaThread "Attach Listener" daemon [_thread_blocked, id=832, stack(0x0000008c6d500000,0x0000008c6d600000)]
  0x0000025faf36d710 JavaThread "Service Thread" daemon [_thread_blocked, id=10968, stack(0x0000008c6d600000,0x0000008c6d700000)]
  0x0000025faf36e5f0 JavaThread "Monitor Deflation Thread" daemon [_thread_blocked, id=17060, stack(0x0000008c6d700000,0x0000008c6d800000)]
=>0x0000025faf374c10 JavaThread "C2 CompilerThread0" daemon [_thread_in_native, id=2864, stack(0x0000008c6d800000,0x0000008c6d900000)]
  0x0000025faf3759f0 JavaThread "C1 CompilerThread0" daemon [_thread_blocked, id=15368, stack(0x0000008c6d900000,0x0000008c6da00000)]
  0x0000025faf376690 JavaThread "Sweeper thread" daemon [_thread_blocked, id=10396, stack(0x0000008c6da00000,0x0000008c6db00000)]
  0x0000025fb3890d70 JavaThread "Notification Thread" daemon [_thread_blocked, id=8600, stack(0x0000008c6db00000,0x0000008c6dc00000)]
  0x0000025fb38b5670 JavaThread "Common-Cleaner" daemon [_thread_blocked, id=280, stack(0x0000008c6dd00000,0x0000008c6de00000)]
  0x0000025fb3d7fc80 JavaThread "C2 CompilerThread1" daemon [_thread_blocked, id=4684, stack(0x0000008c6de00000,0x0000008c6df00000)]

Other Threads:
  0x0000025faf34caa0 VMThread "VM Thread" [stack: 0x0000008c6d100000,0x0000008c6d200000] [id=19460]
  0x0000025fb38b5250 WatcherThread "VM Periodic Task Thread" [stack: 0x0000008c6dc00000,0x0000008c6dd00000] [id=11156]
  0x0000025f8f382f40 WorkerThread "GC Thread#0" [stack: 0x0000008c6cc00000,0x0000008c6cd00000] [id=11940]
  0x0000025fb394d520 WorkerThread "GC Thread#1" [stack: 0x0000008c6df00000,0x0000008c6e000000] [id=5700]
  0x0000025fb3dcccd0 WorkerThread "GC Thread#2" [stack: 0x0000008c6e000000,0x0000008c6e100000] [id=5248]
  0x0000025fb40a1e90 WorkerThread "GC Thread#3" [stack: 0x0000008c6e100000,0x0000008c6e200000] [id=12008]
  0x0000025fb40a2130 WorkerThread "GC Thread#4" [stack: 0x0000008c6e200000,0x0000008c6e300000] [id=16108]
  0x0000025fb4292f40 WorkerThread "GC Thread#5" [stack: 0x0000008c6e300000,0x0000008c6e400000] [id=6648]
  0x0000025fb406fd70 WorkerThread "GC Thread#6" [stack: 0x0000008c6e400000,0x0000008c6e500000] [id=16328]
  0x0000025f8f393520 ConcurrentGCThread "G1 Main Marker" [stack: 0x0000008c6cd00000,0x0000008c6ce00000] [id=2784]
  0x0000025f8f394460 WorkerThread "G1 Conc#0" [stack: 0x0000008c6ce00000,0x0000008c6cf00000] [id=11528]
  0x0000025f8f3e4350 ConcurrentGCThread "G1 Refine#0" [stack: 0x0000008c6cf00000,0x0000008c6d000000] [id=10164]
  0x0000025f8f3e4a10 ConcurrentGCThread "G1 Service" [stack: 0x0000008c6d000000,0x0000008c6d100000] [id=16560]

Threads with active compile tasks:
C2 CompilerThread0     1392 1702       4       java.lang.reflect.Method::<init> (68 bytes)

VM state: not at safepoint (normal execution)

VM Mutex/Monitor currently owned by a thread:  ([mutex/lock_event])
[0x0000025f8f3239f0] Metaspace_lock - owner thread: 0x0000025f8f19cfa0

Heap address: 0x0000000083800000, size: 1992 MB, Compressed Oops mode: 32-bit

CDS archive(s) mapped at: [0x0000000800000000-0x0000000800ba0000-0x0000000800ba0000), size 12189696, SharedBaseAddress: 0x0000000800000000, ArchiveRelocationMode: 0.
Compressed class space mapped at: 0x0000000800c00000-0x0000000840c00000, reserved size: 1073741824
Narrow klass base: 0x0000000800000000, Narrow klass shift: 0, Narrow klass range: 0x100000000

GC Precious Log:
 CardTable entry size: 512
 Card Set container configuration: InlinePtr #cards 5 size 8 Array Of Cards #cards 12 size 40 Howl #buckets 4 coarsen threshold 1843 Howl Bitmap #cards 512 size 80 coarsen threshold 460 Card regions per heap region 1 cards per card region 2048
 CPUs: 8 total, 8 available
 Memory: 7963M
 Large Page Support: Disabled
 NUMA Support: Disabled
 Compressed Oops: Enabled (32-bit)
 Heap Region Size: 1M
 Heap Min Capacity: 8M
 Heap Initial Capacity: 126M
 Heap Max Capacity: 1992M
 Pre-touch: Disabled
 Parallel Workers: 8
 Concurrent Workers: 2
 Concurrent Refinement Workers: 8
 Periodic GC: Disabled

Heap:
 garbage-first heap   total 129024K, used 30187K [0x0000000083800000, 0x0000000100000000)
  region size 1024K, 30 young (30720K), 3 survivors (3072K)
 Metaspace       used 9488K, committed 9600K, reserved 1114112K
  class space    used 1146K, committed 1216K, reserved 1048576K

Heap Regions: E=young(eden), S=young(survivor), O=old, HS=humongous(starts), HC=humongous(continues), CS=collection set, F=free, OA=open archive, CA=closed archive, TAMS=top-at-mark-start (previous, next)
|   0|0x0000000083800000, 0x000000008387ac00, 0x0000000083900000| 47%| O|  |TAMS 0x0000000083800000, 0x0000000083800000| Untracked 
|   1|0x0000000083900000, 0x0000000083900000, 0x0000000083a00000|  0%| F|  |TAMS 0x0000000083900000, 0x0000000083900000| Untracked 
|   2|0x0000000083a00000, 0x0000000083a00000, 0x0000000083b00000|  0%| F|  |TAMS 0x0000000083a00000, 0x0000000083a00000| Untracked 
|   3|0x0000000083b00000, 0x0000000083b00000, 0x0000000083c00000|  0%| F|  |TAMS 0x0000000083b00000, 0x0000000083b00000| Untracked 
|   4|0x0000000083c00000, 0x0000000083c00000, 0x0000000083d00000|  0%| F|  |TAMS 0x0000000083c00000, 0x0000000083c00000| Untracked 
|   5|0x0000000083d00000, 0x0000000083d00000, 0x0000000083e00000|  0%| F|  |TAMS 0x0000000083d00000, 0x0000000083d00000| Untracked 
|   6|0x0000000083e00000, 0x0000000083e00000, 0x0000000083f00000|  0%| F|  |TAMS 0x0000000083e00000, 0x0000000083e00000| Untracked 
|   7|0x0000000083f00000, 0x0000000083f00000, 0x0000000084000000|  0%| F|  |TAMS 0x0000000083f00000, 0x0000000083f00000| Untracked 
|   8|0x0000000084000000, 0x0000000084000000, 0x0000000084100000|  0%| F|  |TAMS 0x0000000084000000, 0x0000000084000000| Untracked 
|   9|0x0000000084100000, 0x0000000084100000, 0x0000000084200000|  0%| F|  |TAMS 0x0000000084100000, 0x0000000084100000| Untracked 
|  10|0x0000000084200000, 0x0000000084200000, 0x0000000084300000|  0%| F|  |TAMS 0x0000000084200000, 0x0000000084200000| Untracked 
|  11|0x0000000084300000, 0x0000000084300000, 0x0000000084400000|  0%| F|  |TAMS 0x0000000084300000, 0x0000000084300000| Untracked 
|  12|0x0000000084400000, 0x0000000084400000, 0x0000000084500000|  0%| F|  |TAMS 0x0000000084400000, 0x0000000084400000| Untracked 
|  13|0x0000000084500000, 0x0000000084500000, 0x0000000084600000|  0%| F|  |TAMS 0x0000000084500000, 0x0000000084500000| Untracked 
|  14|0x0000000084600000, 0x0000000084600000, 0x0000000084700000|  0%| F|  |TAMS 0x0000000084600000, 0x0000000084600000| Untracked 
|  15|0x0000000084700000, 0x0000000084700000, 0x0000000084800000|  0%| F|  |TAMS 0x0000000084700000, 0x0000000084700000| Untracked 
|  16|0x0000000084800000, 0x0000000084800000, 0x0000000084900000|  0%| F|  |TAMS 0x0000000084800000, 0x0000000084800000| Untracked 
|  17|0x0000000084900000, 0x0000000084900000, 0x0000000084a00000|  0%| F|  |TAMS 0x0000000084900000, 0x0000000084900000| Untracked 
|  18|0x0000000084a00000, 0x0000000084a00000, 0x0000000084b00000|  0%| F|  |TAMS 0x0000000084a00000, 0x0000000084a00000| Untracked 
|  19|0x0000000084b00000, 0x0000000084b00000, 0x0000000084c00000|  0%| F|  |TAMS 0x0000000084b00000, 0x0000000084b00000| Untracked 
|  20|0x0000000084c00000, 0x0000000084c00000, 0x0000000084d00000|  0%| F|  |TAMS 0x0000000084c00000, 0x0000000084c00000| Untracked 
|  21|0x0000000084d00000, 0x0000000084d00000, 0x0000000084e00000|  0%| F|  |TAMS 0x0000000084d00000, 0x0000000084d00000| Untracked 
|  22|0x0000000084e00000, 0x0000000084e00000, 0x0000000084f00000|  0%| F|  |TAMS 0x0000000084e00000, 0x0000000084e00000| Untracked 
|  23|0x0000000084f00000, 0x0000000084f00000, 0x0000000085000000|  0%| F|  |TAMS 0x0000000084f00000, 0x0000000084f00000| Untracked 
|  24|0x0000000085000000, 0x0000000085000000, 0x0000000085100000|  0%| F|  |TAMS 0x0000000085000000, 0x0000000085000000| Untracked 
|  25|0x0000000085100000, 0x0000000085100000, 0x0000000085200000|  0%| F|  |TAMS 0x0000000085100000, 0x0000000085100000| Untracked 
|  26|0x0000000085200000, 0x0000000085200000, 0x0000000085300000|  0%| F|  |TAMS 0x0000000085200000, 0x0000000085200000| Untracked 
|  27|0x0000000085300000, 0x0000000085300000, 0x0000000085400000|  0%| F|  |TAMS 0x0000000085300000, 0x0000000085300000| Untracked 
|  28|0x0000000085400000, 0x0000000085400000, 0x0000000085500000|  0%| F|  |TAMS 0x0000000085400000, 0x0000000085400000| Untracked 
|  29|0x0000000085500000, 0x0000000085500000, 0x0000000085600000|  0%| F|  |TAMS 0x0000000085500000, 0x0000000085500000| Untracked 
|  30|0x0000000085600000, 0x0000000085600000, 0x0000000085700000|  0%| F|  |TAMS 0x0000000085600000, 0x0000000085600000| Untracked 
|  31|0x0000000085700000, 0x0000000085700000, 0x0000000085800000|  0%| F|  |TAMS 0x0000000085700000, 0x0000000085700000| Untracked 
|  32|0x0000000085800000, 0x0000000085800000, 0x0000000085900000|  0%| F|  |TAMS 0x0000000085800000, 0x0000000085800000| Untracked 
|  33|0x0000000085900000, 0x0000000085900000, 0x0000000085a00000|  0%| F|  |TAMS 0x0000000085900000, 0x0000000085900000| Untracked 
|  34|0x0000000085a00000, 0x0000000085a00000, 0x0000000085b00000|  0%| F|  |TAMS 0x0000000085a00000, 0x0000000085a00000| Untracked 
|  35|0x0000000085b00000, 0x0000000085b00000, 0x0000000085c00000|  0%| F|  |TAMS 0x0000000085b00000, 0x0000000085b00000| Untracked 
|  36|0x0000000085c00000, 0x0000000085c00000, 0x0000000085d00000|  0%| F|  |TAMS 0x0000000085c00000, 0x0000000085c00000| Untracked 
|  37|0x0000000085d00000, 0x0000000085d00000, 0x0000000085e00000|  0%| F|  |TAMS 0x0000000085d00000, 0x0000000085d00000| Untracked 
|  38|0x0000000085e00000, 0x0000000085e00000, 0x0000000085f00000|  0%| F|  |TAMS 0x0000000085e00000, 0x0000000085e00000| Untracked 
|  39|0x0000000085f00000, 0x0000000085f00000, 0x0000000086000000|  0%| F|  |TAMS 0x0000000085f00000, 0x0000000085f00000| Untracked 
|  40|0x0000000086000000, 0x0000000086000000, 0x0000000086100000|  0%| F|  |TAMS 0x0000000086000000, 0x0000000086000000| Untracked 
|  41|0x0000000086100000, 0x0000000086100000, 0x0000000086200000|  0%| F|  |TAMS 0x0000000086100000, 0x0000000086100000| Untracked 
|  42|0x0000000086200000, 0x0000000086200000, 0x0000000086300000|  0%| F|  |TAMS 0x0000000086200000, 0x0000000086200000| Untracked 
|  43|0x0000000086300000, 0x0000000086300000, 0x0000000086400000|  0%| F|  |TAMS 0x0000000086300000, 0x0000000086300000| Untracked 
|  44|0x0000000086400000, 0x0000000086400000, 0x0000000086500000|  0%| F|  |TAMS 0x0000000086400000, 0x0000000086400000| Untracked 
|  45|0x0000000086500000, 0x0000000086500000, 0x0000000086600000|  0%| F|  |TAMS 0x0000000086500000, 0x0000000086500000| Untracked 
|  46|0x0000000086600000, 0x0000000086600000, 0x0000000086700000|  0%| F|  |TAMS 0x0000000086600000, 0x0000000086600000| Untracked 
|  47|0x0000000086700000, 0x0000000086700000, 0x0000000086800000|  0%| F|  |TAMS 0x0000000086700000, 0x0000000086700000| Untracked 
|  48|0x0000000086800000, 0x0000000086800000, 0x0000000086900000|  0%| F|  |TAMS 0x0000000086800000, 0x0000000086800000| Untracked 
|  49|0x0000000086900000, 0x0000000086900000, 0x0000000086a00000|  0%| F|  |TAMS 0x0000000086900000, 0x0000000086900000| Untracked 
|  50|0x0000000086a00000, 0x0000000086a00000, 0x0000000086b00000|  0%| F|  |TAMS 0x0000000086a00000, 0x0000000086a00000| Untracked 
|  51|0x0000000086b00000, 0x0000000086b00000, 0x0000000086c00000|  0%| F|  |TAMS 0x0000000086b00000, 0x0000000086b00000| Untracked 
|  52|0x0000000086c00000, 0x0000000086c00000, 0x0000000086d00000|  0%| F|  |TAMS 0x0000000086c00000, 0x0000000086c00000| Untracked 
|  53|0x0000000086d00000, 0x0000000086d00000, 0x0000000086e00000|  0%| F|  |TAMS 0x0000000086d00000, 0x0000000086d00000| Untracked 
|  54|0x0000000086e00000, 0x0000000086e00000, 0x0000000086f00000|  0%| F|  |TAMS 0x0000000086e00000, 0x0000000086e00000| Untracked 
|  55|0x0000000086f00000, 0x0000000086f00000, 0x0000000087000000|  0%| F|  |TAMS 0x0000000086f00000, 0x0000000086f00000| Untracked 
|  56|0x0000000087000000, 0x0000000087000000, 0x0000000087100000|  0%| F|  |TAMS 0x0000000087000000, 0x0000000087000000| Untracked 
|  57|0x0000000087100000, 0x0000000087100000, 0x0000000087200000|  0%| F|  |TAMS 0x0000000087100000, 0x0000000087100000| Untracked 
|  58|0x0000000087200000, 0x0000000087200000, 0x0000000087300000|  0%| F|  |TAMS 0x0000000087200000, 0x0000000087200000| Untracked 
|  59|0x0000000087300000, 0x0000000087300000, 0x0000000087400000|  0%| F|  |TAMS 0x0000000087300000, 0x0000000087300000| Untracked 
|  60|0x0000000087400000, 0x0000000087400000, 0x0000000087500000|  0%| F|  |TAMS 0x0000000087400000, 0x0000000087400000| Untracked 
|  61|0x0000000087500000, 0x0000000087500000, 0x0000000087600000|  0%| F|  |TAMS 0x0000000087500000, 0x0000000087500000| Untracked 
|  62|0x0000000087600000, 0x0000000087600000, 0x0000000087700000|  0%| F|  |TAMS 0x0000000087600000, 0x0000000087600000| Untracked 
|  63|0x0000000087700000, 0x0000000087700000, 0x0000000087800000|  0%| F|  |TAMS 0x0000000087700000, 0x0000000087700000| Untracked 
|  64|0x0000000087800000, 0x0000000087800000, 0x0000000087900000|  0%| F|  |TAMS 0x0000000087800000, 0x0000000087800000| Untracked 
|  65|0x0000000087900000, 0x0000000087900000, 0x0000000087a00000|  0%| F|  |TAMS 0x0000000087900000, 0x0000000087900000| Untracked 
|  66|0x0000000087a00000, 0x0000000087a00000, 0x0000000087b00000|  0%| F|  |TAMS 0x0000000087a00000, 0x0000000087a00000| Untracked 
|  67|0x0000000087b00000, 0x0000000087b00000, 0x0000000087c00000|  0%| F|  |TAMS 0x0000000087b00000, 0x0000000087b00000| Untracked 
|  68|0x0000000087c00000, 0x0000000087c00000, 0x0000000087d00000|  0%| F|  |TAMS 0x0000000087c00000, 0x0000000087c00000| Untracked 
|  69|0x0000000087d00000, 0x0000000087d00000, 0x0000000087e00000|  0%| F|  |TAMS 0x0000000087d00000, 0x0000000087d00000| Untracked 
|  70|0x0000000087e00000, 0x0000000087e00000, 0x0000000087f00000|  0%| F|  |TAMS 0x0000000087e00000, 0x0000000087e00000| Untracked 
|  71|0x0000000087f00000, 0x0000000087f00000, 0x0000000088000000|  0%| F|  |TAMS 0x0000000087f00000, 0x0000000087f00000| Untracked 
|  72|0x0000000088000000, 0x0000000088000000, 0x0000000088100000|  0%| F|  |TAMS 0x0000000088000000, 0x0000000088000000| Untracked 
|  73|0x0000000088100000, 0x0000000088100000, 0x0000000088200000|  0%| F|  |TAMS 0x0000000088100000, 0x0000000088100000| Untracked 
|  74|0x0000000088200000, 0x0000000088200000, 0x0000000088300000|  0%| F|  |TAMS 0x0000000088200000, 0x0000000088200000| Untracked 
|  75|0x0000000088300000, 0x0000000088300000, 0x0000000088400000|  0%| F|  |TAMS 0x0000000088300000, 0x0000000088300000| Untracked 
|  76|0x0000000088400000, 0x0000000088400000, 0x0000000088500000|  0%| F|  |TAMS 0x0000000088400000, 0x0000000088400000| Untracked 
|  77|0x0000000088500000, 0x0000000088500000, 0x0000000088600000|  0%| F|  |TAMS 0x0000000088500000, 0x0000000088500000| Untracked 
|  78|0x0000000088600000, 0x0000000088600000, 0x0000000088700000|  0%| F|  |TAMS 0x0000000088600000, 0x0000000088600000| Untracked 
|  79|0x0000000088700000, 0x0000000088700000, 0x0000000088800000|  0%| F|  |TAMS 0x0000000088700000, 0x0000000088700000| Untracked 
|  80|0x0000000088800000, 0x0000000088800000, 0x0000000088900000|  0%| F|  |TAMS 0x0000000088800000, 0x0000000088800000| Untracked 
|  81|0x0000000088900000, 0x0000000088900000, 0x0000000088a00000|  0%| F|  |TAMS 0x0000000088900000, 0x0000000088900000| Untracked 
|  82|0x0000000088a00000, 0x0000000088a00000, 0x0000000088b00000|  0%| F|  |TAMS 0x0000000088a00000, 0x0000000088a00000| Untracked 
|  83|0x0000000088b00000, 0x0000000088b00000, 0x0000000088c00000|  0%| F|  |TAMS 0x0000000088b00000, 0x0000000088b00000| Untracked 
|  84|0x0000000088c00000, 0x0000000088c00000, 0x0000000088d00000|  0%| F|  |TAMS 0x0000000088c00000, 0x0000000088c00000| Untracked 
|  85|0x0000000088d00000, 0x0000000088d00000, 0x0000000088e00000|  0%| F|  |TAMS 0x0000000088d00000, 0x0000000088d00000| Untracked 
|  86|0x0000000088e00000, 0x0000000088e00000, 0x0000000088f00000|  0%| F|  |TAMS 0x0000000088e00000, 0x0000000088e00000| Untracked 
|  87|0x0000000088f00000, 0x0000000088f00000, 0x0000000089000000|  0%| F|  |TAMS 0x0000000088f00000, 0x0000000088f00000| Untracked 
|  88|0x0000000089000000, 0x0000000089000000, 0x0000000089100000|  0%| F|  |TAMS 0x0000000089000000, 0x0000000089000000| Untracked 
|  89|0x0000000089100000, 0x0000000089100000, 0x0000000089200000|  0%| F|  |TAMS 0x0000000089100000, 0x0000000089100000| Untracked 
|  90|0x0000000089200000, 0x0000000089200000, 0x0000000089300000|  0%| F|  |TAMS 0x0000000089200000, 0x0000000089200000| Untracked 
|  91|0x0000000089300000, 0x0000000089300000, 0x0000000089400000|  0%| F|  |TAMS 0x0000000089300000, 0x0000000089300000| Untracked 
|  92|0x0000000089400000, 0x0000000089400000, 0x0000000089500000|  0%| F|  |TAMS 0x0000000089400000, 0x0000000089400000| Untracked 
|  93|0x0000000089500000, 0x0000000089500000, 0x0000000089600000|  0%| F|  |TAMS 0x0000000089500000, 0x0000000089500000| Untracked 
|  94|0x0000000089600000, 0x0000000089600000, 0x0000000089700000|  0%| F|  |TAMS 0x0000000089600000, 0x0000000089600000| Untracked 
|  95|0x0000000089700000, 0x0000000089700000, 0x0000000089800000|  0%| F|  |TAMS 0x0000000089700000, 0x0000000089700000| Untracked 
|  96|0x0000000089800000, 0x00000000898cb328, 0x0000000089900000| 79%| E|  |TAMS 0x0000000089800000, 0x0000000089800000| Complete 
|  97|0x0000000089900000, 0x0000000089a00000, 0x0000000089a00000|100%| E|CS|TAMS 0x0000000089900000, 0x0000000089900000| Complete 
|  98|0x0000000089a00000, 0x0000000089b00000, 0x0000000089b00000|100%| E|CS|TAMS 0x0000000089a00000, 0x0000000089a00000| Complete 
|  99|0x0000000089b00000, 0x0000000089c00000, 0x0000000089c00000|100%| E|CS|TAMS 0x0000000089b00000, 0x0000000089b00000| Complete 
| 100|0x0000000089c00000, 0x0000000089d00000, 0x0000000089d00000|100%| S|CS|TAMS 0x0000000089c00000, 0x0000000089c00000| Complete 
| 101|0x0000000089d00000, 0x0000000089e00000, 0x0000000089e00000|100%| S|CS|TAMS 0x0000000089d00000, 0x0000000089d00000| Complete 
| 102|0x0000000089e00000, 0x0000000089f00000, 0x0000000089f00000|100%| S|CS|TAMS 0x0000000089e00000, 0x0000000089e00000| Complete 
| 103|0x0000000089f00000, 0x000000008a000000, 0x000000008a000000|100%| E|CS|TAMS 0x0000000089f00000, 0x0000000089f00000| Complete 
| 104|0x000000008a000000, 0x000000008a100000, 0x000000008a100000|100%| E|CS|TAMS 0x000000008a000000, 0x000000008a000000| Complete 
| 105|0x000000008a100000, 0x000000008a200000, 0x000000008a200000|100%| E|CS|TAMS 0x000000008a100000, 0x000000008a100000| Complete 
| 106|0x000000008a200000, 0x000000008a300000, 0x000000008a300000|100%| E|CS|TAMS 0x000000008a200000, 0x000000008a200000| Complete 
| 107|0x000000008a300000, 0x000000008a400000, 0x000000008a400000|100%| E|CS|TAMS 0x000000008a300000, 0x000000008a300000| Complete 
| 108|0x000000008a400000, 0x000000008a500000, 0x000000008a500000|100%| E|CS|TAMS 0x000000008a400000, 0x000000008a400000| Complete 
| 109|0x000000008a500000, 0x000000008a600000, 0x000000008a600000|100%| E|CS|TAMS 0x000000008a500000, 0x000000008a500000| Complete 
| 110|0x000000008a600000, 0x000000008a700000, 0x000000008a700000|100%| E|CS|TAMS 0x000000008a600000, 0x000000008a600000| Complete 
| 111|0x000000008a700000, 0x000000008a800000, 0x000000008a800000|100%| E|CS|TAMS 0x000000008a700000, 0x000000008a700000| Complete 
| 112|0x000000008a800000, 0x000000008a900000, 0x000000008a900000|100%| E|CS|TAMS 0x000000008a800000, 0x000000008a800000| Complete 
| 113|0x000000008a900000, 0x000000008aa00000, 0x000000008aa00000|100%| E|CS|TAMS 0x000000008a900000, 0x000000008a900000| Complete 
| 114|0x000000008aa00000, 0x000000008ab00000, 0x000000008ab00000|100%| E|CS|TAMS 0x000000008aa00000, 0x000000008aa00000| Complete 
| 115|0x000000008ab00000, 0x000000008ac00000, 0x000000008ac00000|100%| E|CS|TAMS 0x000000008ab00000, 0x000000008ab00000| Complete 
| 116|0x000000008ac00000, 0x000000008ad00000, 0x000000008ad00000|100%| E|CS|TAMS 0x000000008ac00000, 0x000000008ac00000| Complete 
| 117|0x000000008ad00000, 0x000000008ae00000, 0x000000008ae00000|100%| E|CS|TAMS 0x000000008ad00000, 0x000000008ad00000| Complete 
| 118|0x000000008ae00000, 0x000000008af00000, 0x000000008af00000|100%| E|CS|TAMS 0x000000008ae00000, 0x000000008ae00000| Complete 
| 119|0x000000008af00000, 0x000000008b000000, 0x000000008b000000|100%| E|CS|TAMS 0x000000008af00000, 0x000000008af00000| Complete 
| 120|0x000000008b000000, 0x000000008b100000, 0x000000008b100000|100%| E|CS|TAMS 0x000000008b000000, 0x000000008b000000| Complete 
| 121|0x000000008b100000, 0x000000008b200000, 0x000000008b200000|100%| E|CS|TAMS 0x000000008b100000, 0x000000008b100000| Complete 
| 122|0x000000008b200000, 0x000000008b300000, 0x000000008b300000|100%| E|CS|TAMS 0x000000008b200000, 0x000000008b200000| Complete 
| 123|0x000000008b300000, 0x000000008b400000, 0x000000008b400000|100%| E|CS|TAMS 0x000000008b300000, 0x000000008b300000| Complete 
| 124|0x000000008b400000, 0x000000008b500000, 0x000000008b500000|100%| E|CS|TAMS 0x000000008b400000, 0x000000008b400000| Complete 
| 125|0x000000008b500000, 0x000000008b600000, 0x000000008b600000|100%| E|CS|TAMS 0x000000008b500000, 0x000000008b500000| Complete 

Card table byte_map: [0x0000025fa82d0000,0x0000025fa86c0000] _byte_map_base: 0x0000025fa7eb4000

Marking Bits (Prev, Next): (CMBitMap*) 0x0000025f8f3832f0, (CMBitMap*) 0x0000025f8f383330
 Prev Bits: [0x0000025fa8ab0000, 0x0000025faa9d0000)
 Next Bits: [0x0000025faa9d0000, 0x0000025fac8f0000)

Polling page: 0x0000025f8f3f0000

Metaspace:

Usage:
  Non-class:      8.15 MB used.
      Class:      1.12 MB used.
       Both:      9.27 MB used.

Virtual space:
  Non-class space:       64.00 MB reserved,       8.19 MB ( 13%) committed,  1 nodes.
      Class space:        1.00 GB reserved,       1.19 MB ( <1%) committed,  1 nodes.
             Both:        1.06 GB reserved,       9.38 MB ( <1%) committed. 

Chunk freelists:
   Non-Class:  1.75 MB
       Class:  2.76 MB
        Both:  4.51 MB

MaxMetaspaceSize: unlimited
CompressedClassSpaceSize: 1.00 GB
Initial GC threshold: 21.00 MB
Current GC threshold: 21.00 MB
CDS: on
MetaspaceReclaimPolicy: balanced
 - commit_granule_bytes: 65536.
 - commit_granule_words: 8192.
 - virtual_space_node_default_size: 8388608.
 - enlarge_chunks_in_place: 1.
 - new_chunks_are_fully_committed: 0.
 - uncommit_free_chunks: 1.
 - use_allocation_guard: 0.


Internal statistics:

num_allocs_failed_limit: 0.
num_arena_births: 50.
num_arena_deaths: 0.
num_vsnodes_births: 2.
num_vsnodes_deaths: 0.
num_space_committed: 150.
num_space_uncommitted: 0.
num_chunks_returned_to_freelist: 0.
num_chunks_taken_from_freelist: 342.
num_chunk_merges: 0.
num_chunk_splits: 264.
num_chunks_enlarged: 233.
num_inconsistent_stats: 0.

CodeHeap 'non-profiled nmethods': size=120000Kb used=615Kb max_used=615Kb free=119384Kb
 bounds [0x0000025f9ff50000, 0x0000025fa01c0000, 0x0000025fa7480000]
CodeHeap 'profiled nmethods': size=120000Kb used=3381Kb max_used=3381Kb free=116618Kb
 bounds [0x0000025f98a20000, 0x0000025f98d70000, 0x0000025f9ff50000]
CodeHeap 'non-nmethods': size=5760Kb used=1162Kb max_used=1200Kb free=4597Kb
 bounds [0x0000025f98480000, 0x0000025f986f0000, 0x0000025f98a20000]
 total_blobs=2194 nmethods=1752 adapters=354
 compilation: enabled
              stopped_count=0, restarted_count=0
 full_count=0

Compilation events (20 events):
Event: 1.362 Thread 0x0000025faf3759f0 nmethod 1709 0x0000025f98d58d90 code [0x0000025f98d58f40, 0x0000025f98d590f8]
Event: 1.362 Thread 0x0000025faf3759f0 1710       3       com.google.common.collect.Hashing::smearedHash (16 bytes)
Event: 1.362 Thread 0x0000025faf3759f0 nmethod 1710 0x0000025f98d59210 code [0x0000025f98d593c0, 0x0000025f98d595f8]
Event: 1.362 Thread 0x0000025faf3759f0 1711       3       com.google.common.collect.CompactHashMap::getHash (6 bytes)
Event: 1.362 Thread 0x0000025faf3759f0 nmethod 1711 0x0000025f98d59710 code [0x0000025f98d598a0, 0x0000025f98d59998]
Event: 1.362 Thread 0x0000025faf3759f0 1712       3       com.google.common.collect.CompactHashMap::hashTableMask (8 bytes)
Event: 1.362 Thread 0x0000025faf3759f0 nmethod 1712 0x0000025f98d59a10 code [0x0000025f98d59ba0, 0x0000025f98d59cb8]
Event: 1.362 Thread 0x0000025faf3759f0 1714       3       com.google.common.collect.CompactHashMap::getNext (3 bytes)
Event: 1.362 Thread 0x0000025faf3759f0 nmethod 1714 0x0000025f98d59d90 code [0x0000025f98d59f20, 0x0000025f98d5a018]
Event: 1.362 Thread 0x0000025faf3759f0 1713       3       com.google.common.collect.ArrayListMultimap::put (7 bytes)
Event: 1.363 Thread 0x0000025faf3759f0 nmethod 1713 0x0000025f98d5a090 code [0x0000025f98d5a240, 0x0000025f98d5a3e8]
Event: 1.363 Thread 0x0000025faf3759f0 1715       3       com.google.common.collect.AbstractMapBasedMultimap::createCollection (5 bytes)
Event: 1.363 Thread 0x0000025faf3759f0 nmethod 1715 0x0000025f98d5a510 code [0x0000025f98d5a6c0, 0x0000025f98d5a888]
Event: 1.363 Thread 0x0000025faf3759f0 1716       3       com.google.inject.internal.InheritingState::getExplicitBinding (36 bytes)
Event: 1.363 Thread 0x0000025faf3759f0 nmethod 1716 0x0000025f98d5a910 code [0x0000025f98d5aae0, 0x0000025f98d5aff8]
Event: 1.363 Thread 0x0000025faf3759f0 1717       3       java.lang.Enum::equals (11 bytes)
Event: 1.363 Thread 0x0000025faf3759f0 nmethod 1717 0x0000025f98d5b110 code [0x0000025f98d5b2a0, 0x0000025f98d5b418]
Event: 1.363 Thread 0x0000025faf3759f0 1718       1       com.google.inject.internal.BindingImpl::getInternalFactory (5 bytes)
Event: 1.363 Thread 0x0000025faf3759f0 nmethod 1718 0x0000025f9ffe7f10 code [0x0000025f9ffe80a0, 0x0000025f9ffe8178]
Event: 1.363 Thread 0x0000025faf3759f0 1719       3       java.util.AbstractCollection::addAll (42 bytes)

GC Heap History (2 events):
Event: 0.752 GC heap before
{Heap before GC invocations=0 (full 0):
 garbage-first heap   total 129024K, used 22528K [0x0000000083800000, 0x0000000100000000)
  region size 1024K, 23 young (23552K), 0 survivors (0K)
 Metaspace       used 4810K, committed 4928K, reserved 1114112K
  class space    used 561K, committed 640K, reserved 1048576K
}
Event: 0.758 GC heap after
{Heap after GC invocations=1 (full 0):
 garbage-first heap   total 129024K, used 3563K [0x0000000083800000, 0x0000000100000000)
  region size 1024K, 3 young (3072K), 3 survivors (3072K)
 Metaspace       used 4810K, committed 4928K, reserved 1114112K
  class space    used 561K, committed 640K, reserved 1048576K
}

Deoptimization events (20 events):
Event: 1.230 Thread 0x0000025f8f19cfa0 Uncommon trap: trap_request=0xffffffc6 fr.pc=0x0000025f9ffc3cd0 relative=0x0000000000000290
Event: 1.230 Thread 0x0000025f8f19cfa0 Uncommon trap: reason=bimorphic_or_optimized_type_check action=maybe_recompile pc=0x0000025f9ffc3cd0 method=java.util.HashMap.getNode(Ljava/lang/Object;)Ljava/util/HashMap$Node; @ 128 c2
Event: 1.230 Thread 0x0000025f8f19cfa0 DEOPT PACKING pc=0x0000025f9ffc3cd0 sp=0x0000008c6cbfe1b0
Event: 1.230 Thread 0x0000025f8f19cfa0 DEOPT UNPACKING pc=0x0000025f984d23a3 sp=0x0000008c6cbfe118 mode 2
Event: 1.231 Thread 0x0000025f8f19cfa0 Uncommon trap: trap_request=0xffffffc6 fr.pc=0x0000025f9ffc3cd0 relative=0x0000000000000290
Event: 1.231 Thread 0x0000025f8f19cfa0 Uncommon trap: reason=bimorphic_or_optimized_type_check action=maybe_recompile pc=0x0000025f9ffc3cd0 method=java.util.HashMap.getNode(Ljava/lang/Object;)Ljava/util/HashMap$Node; @ 128 c2
Event: 1.231 Thread 0x0000025f8f19cfa0 DEOPT PACKING pc=0x0000025f9ffc3cd0 sp=0x0000008c6cbfe050
Event: 1.231 Thread 0x0000025f8f19cfa0 DEOPT UNPACKING pc=0x0000025f984d23a3 sp=0x0000008c6cbfdfb8 mode 2
Event: 1.233 Thread 0x0000025f8f19cfa0 Uncommon trap: trap_request=0xffffffc6 fr.pc=0x0000025f9ffc3cd0 relative=0x0000000000000290
Event: 1.233 Thread 0x0000025f8f19cfa0 Uncommon trap: reason=bimorphic_or_optimized_type_check action=maybe_recompile pc=0x0000025f9ffc3cd0 method=java.util.HashMap.getNode(Ljava/lang/Object;)Ljava/util/HashMap$Node; @ 128 c2
Event: 1.233 Thread 0x0000025f8f19cfa0 DEOPT PACKING pc=0x0000025f9ffc3cd0 sp=0x0000008c6cbfe1b0
Event: 1.233 Thread 0x0000025f8f19cfa0 DEOPT UNPACKING pc=0x0000025f984d23a3 sp=0x0000008c6cbfe118 mode 2
Event: 1.235 Thread 0x0000025f8f19cfa0 Uncommon trap: trap_request=0xffffffc6 fr.pc=0x0000025f9ffc3cd0 relative=0x0000000000000290
Event: 1.235 Thread 0x0000025f8f19cfa0 Uncommon trap: reason=bimorphic_or_optimized_type_check action=maybe_recompile pc=0x0000025f9ffc3cd0 method=java.util.HashMap.getNode(Ljava/lang/Object;)Ljava/util/HashMap$Node; @ 128 c2
Event: 1.235 Thread 0x0000025f8f19cfa0 DEOPT PACKING pc=0x0000025f9ffc3cd0 sp=0x0000008c6cbfe1b0
Event: 1.235 Thread 0x0000025f8f19cfa0 DEOPT UNPACKING pc=0x0000025f984d23a3 sp=0x0000008c6cbfe118 mode 2
Event: 1.289 Thread 0x0000025f8f19cfa0 Uncommon trap: trap_request=0xffffff45 fr.pc=0x0000025f9ffb00d4 relative=0x00000000000006f4
Event: 1.289 Thread 0x0000025f8f19cfa0 Uncommon trap: reason=unstable_if action=reinterpret pc=0x0000025f9ffb00d4 method=java.util.HashMap.putVal(ILjava/lang/Object;Ljava/lang/Object;ZZ)Ljava/lang/Object; @ 181 c2
Event: 1.289 Thread 0x0000025f8f19cfa0 DEOPT PACKING pc=0x0000025f9ffb00d4 sp=0x0000008c6cbfe4a0
Event: 1.289 Thread 0x0000025f8f19cfa0 DEOPT UNPACKING pc=0x0000025f984d23a3 sp=0x0000008c6cbfe3c8 mode 2

Classes loaded (20 events):
Event: 1.121 Loading class java/security/GeneralSecurityException done
Event: 1.122 Loading class java/security/NoSuchAlgorithmException done
Event: 1.157 Loading class java/util/EventObject
Event: 1.157 Loading class java/util/EventObject done
Event: 1.161 Loading class java/lang/NumberFormatException
Event: 1.161 Loading class java/lang/NumberFormatException done
Event: 1.207 Loading class java/lang/invoke/MethodHandle$1
Event: 1.207 Loading class java/lang/invoke/MethodHandle$1 done
Event: 1.221 Loading class java/nio/channels/ReadableByteChannel
Event: 1.221 Loading class java/nio/channels/Channel
Event: 1.221 Loading class java/nio/channels/Channel done
Event: 1.221 Loading class java/nio/channels/ReadableByteChannel done
Event: 1.221 Loading class java/nio/channels/WritableByteChannel
Event: 1.221 Loading class java/nio/channels/WritableByteChannel done
Event: 1.249 Loading class sun/reflect/generics/repository/FieldRepository
Event: 1.249 Loading class sun/reflect/generics/repository/FieldRepository done
Event: 1.351 Loading class sun/reflect/generics/scope/MethodScope
Event: 1.351 Loading class sun/reflect/generics/scope/MethodScope done
Event: 1.351 Loading class sun/reflect/generics/repository/MethodRepository
Event: 1.351 Loading class sun/reflect/generics/repository/MethodRepository done

Classes unloaded (0 events):
No events

Classes redefined (0 events):
No events

Internal exceptions (12 events):
Event: 0.133 Thread 0x0000025f8f19cfa0 Exception <a 'java/lang/NoSuchMethodError'{0x000000008b246658}: 'java.lang.Object java.lang.invoke.Invokers$Holder.invokeExact_MT(java.lang.Object, java.lang.Object, java.lang.Object, java.lang.Object, java.lang.Object)'> (0x000000008b246658) 
thrown [t:\workspace\open\src\hotspot\share\interpreter\linkResolver.cpp, line 766]
Event: 0.147 Thread 0x0000025f8f19cfa0 Exception <a 'java/lang/NullPointerException'{0x000000008b29fb80}> (0x000000008b29fb80) 
thrown [t:\workspace\open\src\hotspot\share\interpreter\linkResolver.cpp, line 1357]
Event: 0.162 Thread 0x0000025f8f19cfa0 Exception <a 'java/lang/NullPointerException'{0x000000008b2e4508}> (0x000000008b2e4508) 
thrown [t:\workspace\open\src\hotspot\share\interpreter\linkResolver.cpp, line 1357]
Event: 0.162 Thread 0x0000025f8f19cfa0 Exception <a 'java/lang/NullPointerException'{0x000000008b2e47e0}> (0x000000008b2e47e0) 
thrown [t:\workspace\open\src\hotspot\share\interpreter\linkResolver.cpp, line 1357]
Event: 0.162 Thread 0x0000025f8f19cfa0 Exception <a 'java/lang/NullPointerException'{0x000000008b2e4ab8}> (0x000000008b2e4ab8) 
thrown [t:\workspace\open\src\hotspot\share\interpreter\linkResolver.cpp, line 1357]
Event: 0.163 Thread 0x0000025f8f19cfa0 Exception <a 'java/lang/NullPointerException'{0x000000008b2e9cc8}> (0x000000008b2e9cc8) 
thrown [t:\workspace\open\src\hotspot\share\interpreter\linkResolver.cpp, line 1357]
Event: 0.165 Thread 0x0000025f8f19cfa0 Exception <a 'java/lang/NullPointerException'{0x000000008b2ff398}> (0x000000008b2ff398) 
thrown [t:\workspace\open\src\hotspot\share\interpreter\linkResolver.cpp, line 1357]
Event: 0.165 Thread 0x0000025f8f19cfa0 Exception <a 'java/lang/NullPointerException'{0x000000008b2ff670}> (0x000000008b2ff670) 
thrown [t:\workspace\open\src\hotspot\share\interpreter\linkResolver.cpp, line 1357]
Event: 0.165 Thread 0x0000025f8f19cfa0 Exception <a 'java/lang/NullPointerException'{0x000000008b2ff948}> (0x000000008b2ff948) 
thrown [t:\workspace\open\src\hotspot\share\interpreter\linkResolver.cpp, line 1357]
Event: 0.165 Thread 0x0000025f8f19cfa0 Exception <a 'java/lang/NullPointerException'{0x000000008b2ffc20}> (0x000000008b2ffc20) 
thrown [t:\workspace\open\src\hotspot\share\interpreter\linkResolver.cpp, line 1357]
Event: 0.557 Thread 0x0000025f8f19cfa0 Exception <a 'java/lang/NoSuchMethodError'{0x000000008a8c2d18}: 'java.lang.Object java.lang.invoke.DirectMethodHandle$Holder.newInvokeSpecial(java.lang.Object, java.lang.Object, java.lang.Object, java.lang.Object, java.lang.Object)'> (0x000000008a8c2d18) 
thrown [t:\workspace\open\src\hotspot\share\interpreter\linkResolver.cpp, line 766]
Event: 0.615 Thread 0x0000025f8f19cfa0 Exception <a 'java/lang/NoClassDefFoundError'{0x000000008a61aff0}: javax/enterprise/inject/Typed> (0x000000008a61aff0) 
thrown [t:\workspace\open\src\hotspot\share\classfile\systemDictionary.cpp, line 244]

VM Operations (20 events):
Event: 0.058 Executing VM operation: HandshakeAllThreads
Event: 0.058 Executing VM operation: HandshakeAllThreads done
Event: 0.146 Executing VM operation: HandshakeAllThreads
Event: 0.146 Executing VM operation: HandshakeAllThreads done
Event: 0.153 Executing VM operation: HandshakeAllThreads
Event: 0.153 Executing VM operation: HandshakeAllThreads done
Event: 0.268 Executing VM operation: HandshakeAllThreads
Event: 0.268 Executing VM operation: HandshakeAllThreads done
Event: 0.752 Executing VM operation: G1CollectForAllocation
Event: 0.758 Executing VM operation: G1CollectForAllocation done
Event: 1.039 Executing VM operation: HandshakeAllThreads
Event: 1.039 Executing VM operation: HandshakeAllThreads done
Event: 1.164 Executing VM operation: HandshakeAllThreads
Event: 1.164 Executing VM operation: HandshakeAllThreads done
Event: 1.280 Executing VM operation: ICBufferFull
Event: 1.280 Executing VM operation: ICBufferFull done
Event: 1.312 Executing VM operation: HandshakeAllThreads
Event: 1.312 Executing VM operation: HandshakeAllThreads done
Event: 1.313 Executing VM operation: HandshakeAllThreads
Event: 1.313 Executing VM operation: HandshakeAllThreads done

Events (20 events):
Event: 0.018 Loaded shared library C:\Program Files\Java\jdk-18\bin\jsvml.dll
Event: 0.019 Thread 0x0000025f8f19cfa0 Thread added: 0x0000025f8f19cfa0
Event: 0.020 Thread 0x0000025faf34fc10 Thread added: 0x0000025faf34fc10
Event: 0.020 Thread 0x0000025faf350c60 Thread added: 0x0000025faf350c60
Event: 0.029 Thread 0x0000025faf36a5e0 Thread added: 0x0000025faf36a5e0
Event: 0.029 Thread 0x0000025faf36cab0 Thread added: 0x0000025faf36cab0
Event: 0.030 Thread 0x0000025faf36d710 Thread added: 0x0000025faf36d710
Event: 0.030 Thread 0x0000025faf36e5f0 Thread added: 0x0000025faf36e5f0
Event: 0.030 Thread 0x0000025faf374c10 Thread added: 0x0000025faf374c10
Event: 0.030 Thread 0x0000025faf3759f0 Thread added: 0x0000025faf3759f0
Event: 0.030 Thread 0x0000025faf376690 Thread added: 0x0000025faf376690
Event: 0.047 Thread 0x0000025fb3890d70 Thread added: 0x0000025fb3890d70
Event: 0.050 Thread 0x0000025fb38b5670 Thread added: 0x0000025fb38b5670
Event: 0.052 Loaded shared library C:\Program Files\Java\jdk-18\bin\net.dll
Event: 0.054 Loaded shared library C:\Program Files\Java\jdk-18\bin\nio.dll
Event: 0.057 Loaded shared library C:\Program Files\Java\jdk-18\bin\zip.dll
Event: 0.150 Loaded shared library C:\Program Files\Java\jdk-18\bin\jimage.dll
Event: 0.160 Loaded shared library C:\Program Files\NetBeans-13\netbeans\java\maven\lib\jansi-native\Windows\x86_64\jansi.dll
Event: 0.173 Loaded shared library C:\Program Files\Java\jdk-18\bin\verify.dll
Event: 0.654 Thread 0x0000025fb3d7fc80 Thread added: 0x0000025fb3d7fc80


Dynamic libraries:
0x00007ff75bd20000 - 0x00007ff75bd30000 	C:\Program Files\Java\jdk-18\bin\java.exe
0x00007ffa70e30000 - 0x00007ffa71028000 	C:\WINDOWS\SYSTEM32\ntdll.dll
0x00007ffa6f020000 - 0x00007ffa6f0dd000 	C:\WINDOWS\System32\KERNEL32.DLL
0x00007ffa6e7f0000 - 0x00007ffa6eac2000 	C:\WINDOWS\System32\KERNELBASE.dll
0x00007ffa6e690000 - 0x00007ffa6e790000 	C:\WINDOWS\System32\ucrtbase.dll
0x00007ffa64a90000 - 0x00007ffa64aaa000 	C:\Program Files\Java\jdk-18\bin\VCRUNTIME140.dll
0x00007ffa65810000 - 0x00007ffa65828000 	C:\Program Files\Java\jdk-18\bin\jli.dll
0x00007ffa70b60000 - 0x00007ffa70c0e000 	C:\WINDOWS\System32\ADVAPI32.dll
0x00007ffa6fb60000 - 0x00007ffa6fbfe000 	C:\WINDOWS\System32\msvcrt.dll
0x00007ffa6f820000 - 0x00007ffa6f8bc000 	C:\WINDOWS\System32\sechost.dll
0x00007ffa70c10000 - 0x00007ffa70d35000 	C:\WINDOWS\System32\RPCRT4.dll
0x00007ffa70070000 - 0x00007ffa7020d000 	C:\WINDOWS\System32\USER32.dll
0x00007ffa512e0000 - 0x00007ffa5157a000 	C:\WINDOWS\WinSxS\amd64_microsoft.windows.common-controls_6595b64144ccf1df_6.0.19041.1110_none_60b5254171f9507e\COMCTL32.dll
0x00007ffa6e790000 - 0x00007ffa6e7b2000 	C:\WINDOWS\System32\win32u.dll
0x00007ffa6f200000 - 0x00007ffa6f22b000 	C:\WINDOWS\System32\GDI32.dll
0x00007ffa6eca0000 - 0x00007ffa6edaf000 	C:\WINDOWS\System32\gdi32full.dll
0x00007ffa6e540000 - 0x00007ffa6e5dd000 	C:\WINDOWS\System32\msvcp_win.dll
0x00007ffa5f750000 - 0x00007ffa5f75a000 	C:\WINDOWS\SYSTEM32\VERSION.dll
0x00007ffa6f7f0000 - 0x00007ffa6f820000 	C:\WINDOWS\System32\IMM32.DLL
0x00007ffa64ba0000 - 0x00007ffa64bac000 	C:\Program Files\Java\jdk-18\bin\vcruntime140_1.dll
0x00007ffa0d7b0000 - 0x00007ffa0d83d000 	C:\Program Files\Java\jdk-18\bin\msvcp140.dll
0x00007ffa16810000 - 0x00007ffa17421000 	C:\Program Files\Java\jdk-18\bin\server\jvm.dll
0x00007ffa6ee90000 - 0x00007ffa6ee98000 	C:\WINDOWS\System32\PSAPI.DLL
0x00007ffa52b10000 - 0x00007ffa52b37000 	C:\WINDOWS\SYSTEM32\WINMM.dll
0x00007ffa64bb0000 - 0x00007ffa64bb9000 	C:\WINDOWS\SYSTEM32\WSOCK32.dll
0x00007ffa6f0e0000 - 0x00007ffa6f14b000 	C:\WINDOWS\System32\WS2_32.dll
0x00007ffa6c5e0000 - 0x00007ffa6c5f2000 	C:\WINDOWS\SYSTEM32\kernel.appcore.dll
0x00007ffa42490000 - 0x00007ffa4249a000 	C:\Program Files\Java\jdk-18\bin\jimage.dll
0x00007ffa6c170000 - 0x00007ffa6c354000 	C:\WINDOWS\SYSTEM32\DBGHELP.DLL
0x00007ffa4ffd0000 - 0x00007ffa4fffc000 	C:\WINDOWS\SYSTEM32\dbgcore.DLL
0x00007ffa6edb0000 - 0x00007ffa6ee32000 	C:\WINDOWS\System32\bcryptPrimitives.dll
0x00007ffa1fe70000 - 0x00007ffa1fe95000 	C:\Program Files\Java\jdk-18\bin\java.dll
0x00007ffa0daa0000 - 0x00007ffa0db76000 	C:\Program Files\Java\jdk-18\bin\jsvml.dll
0x00007ffa70340000 - 0x00007ffa70a83000 	C:\WINDOWS\System32\SHELL32.dll
0x00007ffa6c600000 - 0x00007ffa6cd91000 	C:\WINDOWS\SYSTEM32\windows.storage.dll
0x00007ffa6f350000 - 0x00007ffa6f6a4000 	C:\WINDOWS\System32\combase.dll
0x00007ffa6dfa0000 - 0x00007ffa6dfd0000 	C:\WINDOWS\SYSTEM32\Wldp.dll
0x00007ffa6f6b0000 - 0x00007ffa6f75d000 	C:\WINDOWS\System32\SHCORE.dll
0x00007ffa6f230000 - 0x00007ffa6f285000 	C:\WINDOWS\System32\shlwapi.dll
0x00007ffa6e480000 - 0x00007ffa6e49f000 	C:\WINDOWS\SYSTEM32\profapi.dll
0x00007ffa1ead0000 - 0x00007ffa1eae3000 	C:\Program Files\Java\jdk-18\bin\net.dll
0x00007ffa54d30000 - 0x00007ffa54e3d000 	C:\WINDOWS\SYSTEM32\WINHTTP.dll
0x00007ffa6dd00000 - 0x00007ffa6dd6a000 	C:\WINDOWS\system32\mswsock.dll
0x00007ffa1bba0000 - 0x00007ffa1bbb6000 	C:\Program Files\Java\jdk-18\bin\nio.dll
0x00007ffa16590000 - 0x00007ffa165a8000 	C:\Program Files\Java\jdk-18\bin\zip.dll
0x0000000069ac0000 - 0x0000000069ae4000 	C:\Program Files\NetBeans-13\netbeans\java\maven\lib\jansi-native\Windows\x86_64\jansi.dll
0x00007ffa41a00000 - 0x00007ffa41a10000 	C:\Program Files\Java\jdk-18\bin\verify.dll

dbghelp: loaded successfully - version: 4.0.5 - missing functions: none
symbol engine: initialized successfully - sym options: 0x614 - pdb path: .;C:\Program Files\Java\jdk-18\bin;C:\WINDOWS\SYSTEM32;C:\WINDOWS\WinSxS\amd64_microsoft.windows.common-controls_6595b64144ccf1df_6.0.19041.1110_none_60b5254171f9507e;C:\Program Files\Java\jdk-18\bin\server;C:\Program Files\NetBeans-13\netbeans\java\maven\lib\jansi-native\Windows\x86_64

VM Arguments:
jvm_args: -Dclassworlds.conf=C:\Program Files\NetBeans-13\netbeans\java\maven\bin\m2.conf -Dmaven.home=C:\Program Files\NetBeans-13\netbeans\java\maven -Dlibrary.jansi.path=C:\Program Files\NetBeans-13\netbeans\java\maven\lib\jansi-native -Dmaven.multiModuleProjectDirectory=C:\Users\juanm\OneDrive\Escritorio\Proyectos repositorios\Proyecto-de-Programacion\LosEntussi 
java_command: org.codehaus.plexus.classworlds.launcher.Launcher -Dexec.vmArgs= -Dexec.args=${exec.vmArgs} -classpath %classpath ${exec.mainClass} ${exec.appArgs} -Dexec.appArgs= -Dexec.mainClass=com.mycompany.losentussi.Dibujar -Dexec.executable=C:\Program Files\Java\jdk-18\bin\java.exe -Dmaven.ext.class.path=C:\Program Files\NetBeans-13\netbeans\java\maven-nblib\netbeans-eventspy.jar org.codehaus.mojo:exec-maven-plugin:3.0.0:exec
java_class_path (initial): C:\Program Files\NetBeans-13\netbeans\java\maven\boot\plexus-classworlds-2.6.0.jar
Launcher Type: SUN_STANDARD

[Global flags]
     intx CICompilerCount                          = 4                                         {product} {ergonomic}
     uint ConcGCThreads                            = 2                                         {product} {ergonomic}
     uint G1ConcRefinementThreads                  = 8                                         {product} {ergonomic}
   size_t G1HeapRegionSize                         = 1048576                                   {product} {ergonomic}
    uintx GCDrainStackTargetSize                   = 64                                        {product} {ergonomic}
   size_t InitialHeapSize                          = 132120576                                 {product} {ergonomic}
   size_t MarkStackSize                            = 4194304                                   {product} {ergonomic}
   size_t MaxHeapSize                              = 2088763392                                {product} {ergonomic}
   size_t MaxNewSize                               = 1253048320                                {product} {ergonomic}
   size_t MinHeapDeltaBytes                        = 1048576                                   {product} {ergonomic}
   size_t MinHeapSize                              = 8388608                                   {product} {ergonomic}
    uintx NonNMethodCodeHeapSize                   = 5839372                                {pd product} {ergonomic}
    uintx NonProfiledCodeHeapSize                  = 122909434                              {pd product} {ergonomic}
    uintx ProfiledCodeHeapSize                     = 122909434                              {pd product} {ergonomic}
    uintx ReservedCodeCacheSize                    = 251658240                              {pd product} {ergonomic}
     bool SegmentedCodeCache                       = true                                      {product} {ergonomic}
   size_t SoftMaxHeapSize                          = 2088763392                             {manageable} {ergonomic}
     bool UseCompressedClassPointers               = true                           {product lp64_product} {ergonomic}
     bool UseCompressedOops                        = true                           {product lp64_product} {ergonomic}
     bool UseG1GC                                  = true                                      {product} {ergonomic}
     bool UseLargePagesIndividualAllocation        = false                                  {pd product} {ergonomic}

Logging:
Log output configuration:
 #0: stdout all=warning uptime,level,tags foldmultilines=false
 #1: stderr all=off uptime,level,tags foldmultilines=false

Environment Variables:
JAVA_HOME=C:\Program Files\Java\jdk-18
PATH=C:\Program Files\Common Files\Oracle\Java\javapath;C:\ProgramData\Oracle\Java\javapath;C:\windows\system32;C:\windows;C:\windows\System32\Wbem;C:\windows\System32\WindowsPowerShell\v1.0\;C:\windows\System32\OpenSSH\;C:\Program Files (x86)\NVIDIA Corporation\PhysX\Common;C:\Program Files\NVIDIA Corporation\NVIDIA NvDLISR;C:\WINDOWS\system32;C:\WINDOWS;C:\WINDOWS\System32\Wbem;C:\WINDOWS\System32\WindowsPowerShell\v1.0\;C:\WINDOWS\System32\OpenSSH\;C:\Program Files\Microsoft SQL Server\Client SDK\ODBC\170\Tools\Binn\;C:\Program Files (x86)\Microsoft SQL Server\150\Tools\Binn\;C:\Program Files\Microsoft SQL Server\150\Tools\Binn\;C:\Program Files\Microsoft SQL Server\150\DTS\Binn\;C:\Program Files (x86)\Microsoft SQL Server\150\DTS\Binn\;C:\Program Files\Azure Data Studio\bin;C:\TDM-GCC-64\bin;C:\Users\juanm\AppData\Local\Programs\Python\Python39\Scripts\;C:\Users\juanm\AppData\Local\Programs\Python\Python39\;C:\Users\juanm\AppData\Local\Microsoft\WindowsApps;C:\Users\juanm\AppData\Local\Programs\Microsoft VS Code\bin;C:\Program Files\Azure Data Studio\bin;C:\Users\juanm\AppData\Local\gitkraken\bin
USERNAME=juanm
OS=Windows_NT
PROCESSOR_IDENTIFIER=Intel64 Family 6 Model 165 Stepping 2, GenuineIntel



---------------  S Y S T E M  ---------------

OS:
 Windows 10 , 64 bit Build 19041 (10.0.19041.1889)
OS uptime: 0 days 9:01 hours

CPU: total 8 (initial active 8) (4 cores per cpu, 2 threads per core) family 6 model 165 stepping 2 microcode 0xc8, cx8, cmov, fxsr, ht, mmx, 3dnowpref, sse, sse2, sse3, ssse3, sse4.1, sse4.2, popcnt, lzcnt, tsc, tscinvbit, avx, avx2, aes, erms, clmul, bmi1, bmi2, adx, fma, vzeroupper, clflush, clflushopt

Memory: 4k page, system-wide physical 7963M (621M free)
TotalPageFile size 32539M (AvailPageFile size 0M)
current process WorkingSet (physical memory assigned to process): 87M, peak: 87M
current process commit charge ("private bytes"): 230M, peak: 230M

vm_info: Java HotSpot(TM) 64-Bit Server VM (18+36-2087) for windows-amd64 JRE (18+36-2087), built on Feb 15 2022 09:43:11 by "mach5one" with MS VC++ 16.8 / 16.9 (VS2019)

END.
