#
# There is insufficient memory for the Java Runtime Environment to continue.
# Native memory allocation (mmap) failed to map 65536 bytes for Failed to commit metaspace.
# Possible reasons:
#   The system is out of physical RAM or swap space
#   The process is running with CompressedOops enabled, and the Java Heap may be blocking the growth of the native heap
# Possible solutions:
#   Reduce memory load on the system
#   Increase physical memory or swap space
#   Check if swap backing store is full
#   Decrease Java heap size (-Xmx/-Xms)
#   Decrease number of Java threads
#   Decrease Java thread stack sizes (-Xss)
#   Set larger code cache with -XX:ReservedCodeCacheSize=
#   JVM is running with Unscaled Compressed Oops mode in which the Java heap is
#     placed in the first 4GB address space. The Java Heap base address is the
#     maximum limit for the native heap growth. Please use -XX:HeapBaseMinAddress
#     to set the Java Heap base and to place the Java Heap above 4GB virtual address.
# This output file may be truncated or incomplete.
#
#  Out of Memory Error (virtualSpaceNode.cpp:110), pid=19840, tid=19116
#
# JRE version: Java(TM) SE Runtime Environment (18.0+36) (build 18+36-2087)
# Java VM: Java HotSpot(TM) 64-Bit Server VM (18+36-2087, mixed mode, sharing, tiered, compressed oops, compressed class ptrs, g1 gc, windows-amd64)
# No core dump will be written. Minidumps are not enabled by default on client versions of Windows
#

---------------  S U M M A R Y ------------

Command Line: com.mycompany.losentussi.Dibujar

Host: Intel(R) Core(TM) i5-10300H CPU @ 2.50GHz, 8 cores, 7G,  Windows 10 , 64 bit Build 19041 (10.0.19041.1889)
Time: Sun Oct 23 21:03:40 2022 Hora verano Sudamérica Pacífico elapsed time: 0.098012 seconds (0d 0h 0m 0s)

---------------  T H R E A D  ---------------

Current thread (0x00000110c0050f00):  JavaThread "main" [_thread_in_vm, id=19116, stack(0x0000000976700000,0x0000000976800000)]

Stack: [0x0000000976700000,0x0000000976800000]
Native frames: (J=compiled Java code, j=interpreted, Vv=VM code, C=native code)
V  [jvm.dll+0x69804a]
V  [jvm.dll+0x7f308d]
V  [jvm.dll+0x7f499e]
V  [jvm.dll+0x7f5053]
V  [jvm.dll+0x25ca3f]
V  [jvm.dll+0x7eed9b]
V  [jvm.dll+0x63e276]
V  [jvm.dll+0x63e2da]
V  [jvm.dll+0x640b5e]
V  [jvm.dll+0x640a1e]
V  [jvm.dll+0x63ec3e]
V  [jvm.dll+0x2524a0]
V  [jvm.dll+0x202d5d]
V  [jvm.dll+0x1f8781]
V  [jvm.dll+0x55cea5]
V  [jvm.dll+0x209637]
V  [jvm.dll+0x76c73d]
V  [jvm.dll+0x76da76]
V  [jvm.dll+0x76dda8]
V  [jvm.dll+0x254d46]
V  [jvm.dll+0x3a0d7e]
C  0x00000110c799b7f7

Java frames: (J=compiled Java code, j=interpreted, Vv=VM code)
j  java.awt.Font.<clinit>()V+16 java.desktop@18
v  ~StubRoutines::call_stub
j  sun.awt.windows.WComponentPeer.<clinit>()V+27 java.desktop@18
v  ~StubRoutines::call_stub
j  java.awt.Component.initIDs()V+0 java.desktop@18
j  java.awt.Component.<clinit>()V+102 java.desktop@18
v  ~StubRoutines::call_stub
j  com.mycompany.losentussi.Dibujar.main([Ljava/lang/String;)V+0
v  ~StubRoutines::call_stub

---------------  P R O C E S S  ---------------

Threads class SMR info:
_java_thread_list=0x00000110e24a7440, length=12, elements={
0x00000110c0050f00, 0x00000110de08bea0, 0x00000110de08cb00, 0x00000110de0a8e20,
0x00000110de0a97c0, 0x00000110de0aa570, 0x00000110de0b5870, 0x00000110de0bba20,
0x00000110de0bc400, 0x00000110de0bedf0, 0x00000110de0b66e0, 0x00000110de0b7080
}

Java Threads: ( => current thread )
=>0x00000110c0050f00 JavaThread "main" [_thread_in_vm, id=19116, stack(0x0000000976700000,0x0000000976800000)]
  0x00000110de08bea0 JavaThread "Reference Handler" daemon [_thread_blocked, id=6948, stack(0x0000000976e00000,0x0000000976f00000)]
  0x00000110de08cb00 JavaThread "Finalizer" daemon [_thread_blocked, id=3024, stack(0x0000000976f00000,0x0000000977000000)]
  0x00000110de0a8e20 JavaThread "Signal Dispatcher" daemon [_thread_blocked, id=7064, stack(0x0000000977000000,0x0000000977100000)]
  0x00000110de0a97c0 JavaThread "Attach Listener" daemon [_thread_blocked, id=17436, stack(0x0000000977100000,0x0000000977200000)]
  0x00000110de0aa570 JavaThread "Service Thread" daemon [_thread_blocked, id=16308, stack(0x0000000977200000,0x0000000977300000)]
  0x00000110de0b5870 JavaThread "Monitor Deflation Thread" daemon [_thread_blocked, id=11804, stack(0x0000000977300000,0x0000000977400000)]
  0x00000110de0bba20 JavaThread "C2 CompilerThread0" daemon [_thread_blocked, id=20340, stack(0x0000000977400000,0x0000000977500000)]
  0x00000110de0bc400 JavaThread "C1 CompilerThread0" daemon [_thread_blocked, id=11156, stack(0x0000000977500000,0x0000000977600000)]
  0x00000110de0bedf0 JavaThread "Sweeper thread" daemon [_thread_blocked, id=19792, stack(0x0000000977600000,0x0000000977700000)]
  0x00000110de0b66e0 JavaThread "Notification Thread" daemon [_thread_blocked, id=19864, stack(0x0000000977700000,0x0000000977800000)]
  0x00000110de0b7080 JavaThread "Common-Cleaner" daemon [_thread_blocked, id=13372, stack(0x0000000977900000,0x0000000977a00000)]

Other Threads:
  0x00000110de089280 VMThread "VM Thread" [stack: 0x0000000976d00000,0x0000000976e00000] [id=17648]
  0x00000110e24ac2c0 WatcherThread "VM Periodic Task Thread" [stack: 0x0000000977800000,0x0000000977900000] [id=10008]
  0x00000110c00af600 WorkerThread "GC Thread#0" [stack: 0x0000000976800000,0x0000000976900000] [id=4148]
  0x00000110c00bfe30 ConcurrentGCThread "G1 Main Marker" [stack: 0x0000000976900000,0x0000000976a00000] [id=16608]
  0x00000110c00c17d0 WorkerThread "G1 Conc#0" [stack: 0x0000000976a00000,0x0000000976b00000] [id=16552]
  0x00000110c0116700 ConcurrentGCThread "G1 Refine#0" [stack: 0x0000000976b00000,0x0000000976c00000] [id=15816]
  0x00000110c0117010 ConcurrentGCThread "G1 Service" [stack: 0x0000000976c00000,0x0000000976d00000] [id=9156]

Threads with active compile tasks:

VM state: not at safepoint (normal execution)

VM Mutex/Monitor currently owned by a thread:  ([mutex/lock_event])
[0x00000110c004b7f0] Metaspace_lock - owner thread: 0x00000110c0050f00

Heap address: 0x0000000083800000, size: 1992 MB, Compressed Oops mode: 32-bit

CDS archive(s) mapped at: [0x0000000800000000-0x0000000800ba0000-0x0000000800ba0000), size 12189696, SharedBaseAddress: 0x0000000800000000, ArchiveRelocationMode: 0.
Compressed class space mapped at: 0x0000000800c00000-0x0000000840c00000, reserved size: 1073741824
Narrow klass base: 0x0000000800000000, Narrow klass shift: 0, Narrow klass range: 0x100000000

GC Precious Log:
 CardTable entry size: 512
 Card Set container configuration: InlinePtr #cards 5 size 8 Array Of Cards #cards 12 size 40 Howl #buckets 4 coarsen threshold 1843 Howl Bitmap #cards 512 size 80 coarsen threshold 460 Card regions per heap region 1 cards per card region 2048
 CPUs: 8 total, 8 available
 Memory: 7963M
 Large Page Support: Disabled
 NUMA Support: Disabled
 Compressed Oops: Enabled (32-bit)
 Heap Region Size: 1M
 Heap Min Capacity: 8M
 Heap Initial Capacity: 126M
 Heap Max Capacity: 1992M
 Pre-touch: Disabled
 Parallel Workers: 8
 Concurrent Workers: 2
 Concurrent Refinement Workers: 8
 Periodic GC: Disabled

Heap:
 garbage-first heap   total 129024K, used 1024K [0x0000000083800000, 0x0000000100000000)
  region size 1024K, 2 young (2048K), 0 survivors (0K)
 Metaspace       used 1166K, committed 1280K, reserved 1114112K
  class space    used 95K, committed 192K, reserved 1048576K

Heap Regions: E=young(eden), S=young(survivor), O=old, HS=humongous(starts), HC=humongous(continues), CS=collection set, F=free, OA=open archive, CA=closed archive, TAMS=top-at-mark-start (previous, next)
|   0|0x0000000083800000, 0x0000000083800000, 0x0000000083900000|  0%| F|  |TAMS 0x0000000083800000, 0x0000000083800000| Untracked 
|   1|0x0000000083900000, 0x0000000083900000, 0x0000000083a00000|  0%| F|  |TAMS 0x0000000083900000, 0x0000000083900000| Untracked 
|   2|0x0000000083a00000, 0x0000000083a00000, 0x0000000083b00000|  0%| F|  |TAMS 0x0000000083a00000, 0x0000000083a00000| Untracked 
|   3|0x0000000083b00000, 0x0000000083b00000, 0x0000000083c00000|  0%| F|  |TAMS 0x0000000083b00000, 0x0000000083b00000| Untracked 
|   4|0x0000000083c00000, 0x0000000083c00000, 0x0000000083d00000|  0%| F|  |TAMS 0x0000000083c00000, 0x0000000083c00000| Untracked 
|   5|0x0000000083d00000, 0x0000000083d00000, 0x0000000083e00000|  0%| F|  |TAMS 0x0000000083d00000, 0x0000000083d00000| Untracked 
|   6|0x0000000083e00000, 0x0000000083e00000, 0x0000000083f00000|  0%| F|  |TAMS 0x0000000083e00000, 0x0000000083e00000| Untracked 
|   7|0x0000000083f00000, 0x0000000083f00000, 0x0000000084000000|  0%| F|  |TAMS 0x0000000083f00000, 0x0000000083f00000| Untracked 
|   8|0x0000000084000000, 0x0000000084000000, 0x0000000084100000|  0%| F|  |TAMS 0x0000000084000000, 0x0000000084000000| Untracked 
|   9|0x0000000084100000, 0x0000000084100000, 0x0000000084200000|  0%| F|  |TAMS 0x0000000084100000, 0x0000000084100000| Untracked 
|  10|0x0000000084200000, 0x0000000084200000, 0x0000000084300000|  0%| F|  |TAMS 0x0000000084200000, 0x0000000084200000| Untracked 
|  11|0x0000000084300000, 0x0000000084300000, 0x0000000084400000|  0%| F|  |TAMS 0x0000000084300000, 0x0000000084300000| Untracked 
|  12|0x0000000084400000, 0x0000000084400000, 0x0000000084500000|  0%| F|  |TAMS 0x0000000084400000, 0x0000000084400000| Untracked 
|  13|0x0000000084500000, 0x0000000084500000, 0x0000000084600000|  0%| F|  |TAMS 0x0000000084500000, 0x0000000084500000| Untracked 
|  14|0x0000000084600000, 0x0000000084600000, 0x0000000084700000|  0%| F|  |TAMS 0x0000000084600000, 0x0000000084600000| Untracked 
|  15|0x0000000084700000, 0x0000000084700000, 0x0000000084800000|  0%| F|  |TAMS 0x0000000084700000, 0x0000000084700000| Untracked 
|  16|0x0000000084800000, 0x0000000084800000, 0x0000000084900000|  0%| F|  |TAMS 0x0000000084800000, 0x0000000084800000| Untracked 
|  17|0x0000000084900000, 0x0000000084900000, 0x0000000084a00000|  0%| F|  |TAMS 0x0000000084900000, 0x0000000084900000| Untracked 
|  18|0x0000000084a00000, 0x0000000084a00000, 0x0000000084b00000|  0%| F|  |TAMS 0x0000000084a00000, 0x0000000084a00000| Untracked 
|  19|0x0000000084b00000, 0x0000000084b00000, 0x0000000084c00000|  0%| F|  |TAMS 0x0000000084b00000, 0x0000000084b00000| Untracked 
|  20|0x0000000084c00000, 0x0000000084c00000, 0x0000000084d00000|  0%| F|  |TAMS 0x0000000084c00000, 0x0000000084c00000| Untracked 
|  21|0x0000000084d00000, 0x0000000084d00000, 0x0000000084e00000|  0%| F|  |TAMS 0x0000000084d00000, 0x0000000084d00000| Untracked 
|  22|0x0000000084e00000, 0x0000000084e00000, 0x0000000084f00000|  0%| F|  |TAMS 0x0000000084e00000, 0x0000000084e00000| Untracked 
|  23|0x0000000084f00000, 0x0000000084f00000, 0x0000000085000000|  0%| F|  |TAMS 0x0000000084f00000, 0x0000000084f00000| Untracked 
|  24|0x0000000085000000, 0x0000000085000000, 0x0000000085100000|  0%| F|  |TAMS 0x0000000085000000, 0x0000000085000000| Untracked 
|  25|0x0000000085100000, 0x0000000085100000, 0x0000000085200000|  0%| F|  |TAMS 0x0000000085100000, 0x0000000085100000| Untracked 
|  26|0x0000000085200000, 0x0000000085200000, 0x0000000085300000|  0%| F|  |TAMS 0x0000000085200000, 0x0000000085200000| Untracked 
|  27|0x0000000085300000, 0x0000000085300000, 0x0000000085400000|  0%| F|  |TAMS 0x0000000085300000, 0x0000000085300000| Untracked 
|  28|0x0000000085400000, 0x0000000085400000, 0x0000000085500000|  0%| F|  |TAMS 0x0000000085400000, 0x0000000085400000| Untracked 
|  29|0x0000000085500000, 0x0000000085500000, 0x0000000085600000|  0%| F|  |TAMS 0x0000000085500000, 0x0000000085500000| Untracked 
|  30|0x0000000085600000, 0x0000000085600000, 0x0000000085700000|  0%| F|  |TAMS 0x0000000085600000, 0x0000000085600000| Untracked 
|  31|0x0000000085700000, 0x0000000085700000, 0x0000000085800000|  0%| F|  |TAMS 0x0000000085700000, 0x0000000085700000| Untracked 
|  32|0x0000000085800000, 0x0000000085800000, 0x0000000085900000|  0%| F|  |TAMS 0x0000000085800000, 0x0000000085800000| Untracked 
|  33|0x0000000085900000, 0x0000000085900000, 0x0000000085a00000|  0%| F|  |TAMS 0x0000000085900000, 0x0000000085900000| Untracked 
|  34|0x0000000085a00000, 0x0000000085a00000, 0x0000000085b00000|  0%| F|  |TAMS 0x0000000085a00000, 0x0000000085a00000| Untracked 
|  35|0x0000000085b00000, 0x0000000085b00000, 0x0000000085c00000|  0%| F|  |TAMS 0x0000000085b00000, 0x0000000085b00000| Untracked 
|  36|0x0000000085c00000, 0x0000000085c00000, 0x0000000085d00000|  0%| F|  |TAMS 0x0000000085c00000, 0x0000000085c00000| Untracked 
|  37|0x0000000085d00000, 0x0000000085d00000, 0x0000000085e00000|  0%| F|  |TAMS 0x0000000085d00000, 0x0000000085d00000| Untracked 
|  38|0x0000000085e00000, 0x0000000085e00000, 0x0000000085f00000|  0%| F|  |TAMS 0x0000000085e00000, 0x0000000085e00000| Untracked 
|  39|0x0000000085f00000, 0x0000000085f00000, 0x0000000086000000|  0%| F|  |TAMS 0x0000000085f00000, 0x0000000085f00000| Untracked 
|  40|0x0000000086000000, 0x0000000086000000, 0x0000000086100000|  0%| F|  |TAMS 0x0000000086000000, 0x0000000086000000| Untracked 
|  41|0x0000000086100000, 0x0000000086100000, 0x0000000086200000|  0%| F|  |TAMS 0x0000000086100000, 0x0000000086100000| Untracked 
|  42|0x0000000086200000, 0x0000000086200000, 0x0000000086300000|  0%| F|  |TAMS 0x0000000086200000, 0x0000000086200000| Untracked 
|  43|0x0000000086300000, 0x0000000086300000, 0x0000000086400000|  0%| F|  |TAMS 0x0000000086300000, 0x0000000086300000| Untracked 
|  44|0x0000000086400000, 0x0000000086400000, 0x0000000086500000|  0%| F|  |TAMS 0x0000000086400000, 0x0000000086400000| Untracked 
|  45|0x0000000086500000, 0x0000000086500000, 0x0000000086600000|  0%| F|  |TAMS 0x0000000086500000, 0x0000000086500000| Untracked 
|  46|0x0000000086600000, 0x0000000086600000, 0x0000000086700000|  0%| F|  |TAMS 0x0000000086600000, 0x0000000086600000| Untracked 
|  47|0x0000000086700000, 0x0000000086700000, 0x0000000086800000|  0%| F|  |TAMS 0x0000000086700000, 0x0000000086700000| Untracked 
|  48|0x0000000086800000, 0x0000000086800000, 0x0000000086900000|  0%| F|  |TAMS 0x0000000086800000, 0x0000000086800000| Untracked 
|  49|0x0000000086900000, 0x0000000086900000, 0x0000000086a00000|  0%| F|  |TAMS 0x0000000086900000, 0x0000000086900000| Untracked 
|  50|0x0000000086a00000, 0x0000000086a00000, 0x0000000086b00000|  0%| F|  |TAMS 0x0000000086a00000, 0x0000000086a00000| Untracked 
|  51|0x0000000086b00000, 0x0000000086b00000, 0x0000000086c00000|  0%| F|  |TAMS 0x0000000086b00000, 0x0000000086b00000| Untracked 
|  52|0x0000000086c00000, 0x0000000086c00000, 0x0000000086d00000|  0%| F|  |TAMS 0x0000000086c00000, 0x0000000086c00000| Untracked 
|  53|0x0000000086d00000, 0x0000000086d00000, 0x0000000086e00000|  0%| F|  |TAMS 0x0000000086d00000, 0x0000000086d00000| Untracked 
|  54|0x0000000086e00000, 0x0000000086e00000, 0x0000000086f00000|  0%| F|  |TAMS 0x0000000086e00000, 0x0000000086e00000| Untracked 
|  55|0x0000000086f00000, 0x0000000086f00000, 0x0000000087000000|  0%| F|  |TAMS 0x0000000086f00000, 0x0000000086f00000| Untracked 
|  56|0x0000000087000000, 0x0000000087000000, 0x0000000087100000|  0%| F|  |TAMS 0x0000000087000000, 0x0000000087000000| Untracked 
|  57|0x0000000087100000, 0x0000000087100000, 0x0000000087200000|  0%| F|  |TAMS 0x0000000087100000, 0x0000000087100000| Untracked 
|  58|0x0000000087200000, 0x0000000087200000, 0x0000000087300000|  0%| F|  |TAMS 0x0000000087200000, 0x0000000087200000| Untracked 
|  59|0x0000000087300000, 0x0000000087300000, 0x0000000087400000|  0%| F|  |TAMS 0x0000000087300000, 0x0000000087300000| Untracked 
|  60|0x0000000087400000, 0x0000000087400000, 0x0000000087500000|  0%| F|  |TAMS 0x0000000087400000, 0x0000000087400000| Untracked 
|  61|0x0000000087500000, 0x0000000087500000, 0x0000000087600000|  0%| F|  |TAMS 0x0000000087500000, 0x0000000087500000| Untracked 
|  62|0x0000000087600000, 0x0000000087600000, 0x0000000087700000|  0%| F|  |TAMS 0x0000000087600000, 0x0000000087600000| Untracked 
|  63|0x0000000087700000, 0x0000000087700000, 0x0000000087800000|  0%| F|  |TAMS 0x0000000087700000, 0x0000000087700000| Untracked 
|  64|0x0000000087800000, 0x0000000087800000, 0x0000000087900000|  0%| F|  |TAMS 0x0000000087800000, 0x0000000087800000| Untracked 
|  65|0x0000000087900000, 0x0000000087900000, 0x0000000087a00000|  0%| F|  |TAMS 0x0000000087900000, 0x0000000087900000| Untracked 
|  66|0x0000000087a00000, 0x0000000087a00000, 0x0000000087b00000|  0%| F|  |TAMS 0x0000000087a00000, 0x0000000087a00000| Untracked 
|  67|0x0000000087b00000, 0x0000000087b00000, 0x0000000087c00000|  0%| F|  |TAMS 0x0000000087b00000, 0x0000000087b00000| Untracked 
|  68|0x0000000087c00000, 0x0000000087c00000, 0x0000000087d00000|  0%| F|  |TAMS 0x0000000087c00000, 0x0000000087c00000| Untracked 
|  69|0x0000000087d00000, 0x0000000087d00000, 0x0000000087e00000|  0%| F|  |TAMS 0x0000000087d00000, 0x0000000087d00000| Untracked 
|  70|0x0000000087e00000, 0x0000000087e00000, 0x0000000087f00000|  0%| F|  |TAMS 0x0000000087e00000, 0x0000000087e00000| Untracked 
|  71|0x0000000087f00000, 0x0000000087f00000, 0x0000000088000000|  0%| F|  |TAMS 0x0000000087f00000, 0x0000000087f00000| Untracked 
|  72|0x0000000088000000, 0x0000000088000000, 0x0000000088100000|  0%| F|  |TAMS 0x0000000088000000, 0x0000000088000000| Untracked 
|  73|0x0000000088100000, 0x0000000088100000, 0x0000000088200000|  0%| F|  |TAMS 0x0000000088100000, 0x0000000088100000| Untracked 
|  74|0x0000000088200000, 0x0000000088200000, 0x0000000088300000|  0%| F|  |TAMS 0x0000000088200000, 0x0000000088200000| Untracked 
|  75|0x0000000088300000, 0x0000000088300000, 0x0000000088400000|  0%| F|  |TAMS 0x0000000088300000, 0x0000000088300000| Untracked 
|  76|0x0000000088400000, 0x0000000088400000, 0x0000000088500000|  0%| F|  |TAMS 0x0000000088400000, 0x0000000088400000| Untracked 
|  77|0x0000000088500000, 0x0000000088500000, 0x0000000088600000|  0%| F|  |TAMS 0x0000000088500000, 0x0000000088500000| Untracked 
|  78|0x0000000088600000, 0x0000000088600000, 0x0000000088700000|  0%| F|  |TAMS 0x0000000088600000, 0x0000000088600000| Untracked 
|  79|0x0000000088700000, 0x0000000088700000, 0x0000000088800000|  0%| F|  |TAMS 0x0000000088700000, 0x0000000088700000| Untracked 
|  80|0x0000000088800000, 0x0000000088800000, 0x0000000088900000|  0%| F|  |TAMS 0x0000000088800000, 0x0000000088800000| Untracked 
|  81|0x0000000088900000, 0x0000000088900000, 0x0000000088a00000|  0%| F|  |TAMS 0x0000000088900000, 0x0000000088900000| Untracked 
|  82|0x0000000088a00000, 0x0000000088a00000, 0x0000000088b00000|  0%| F|  |TAMS 0x0000000088a00000, 0x0000000088a00000| Untracked 
|  83|0x0000000088b00000, 0x0000000088b00000, 0x0000000088c00000|  0%| F|  |TAMS 0x0000000088b00000, 0x0000000088b00000| Untracked 
|  84|0x0000000088c00000, 0x0000000088c00000, 0x0000000088d00000|  0%| F|  |TAMS 0x0000000088c00000, 0x0000000088c00000| Untracked 
|  85|0x0000000088d00000, 0x0000000088d00000, 0x0000000088e00000|  0%| F|  |TAMS 0x0000000088d00000, 0x0000000088d00000| Untracked 
|  86|0x0000000088e00000, 0x0000000088e00000, 0x0000000088f00000|  0%| F|  |TAMS 0x0000000088e00000, 0x0000000088e00000| Untracked 
|  87|0x0000000088f00000, 0x0000000088f00000, 0x0000000089000000|  0%| F|  |TAMS 0x0000000088f00000, 0x0000000088f00000| Untracked 
|  88|0x0000000089000000, 0x0000000089000000, 0x0000000089100000|  0%| F|  |TAMS 0x0000000089000000, 0x0000000089000000| Untracked 
|  89|0x0000000089100000, 0x0000000089100000, 0x0000000089200000|  0%| F|  |TAMS 0x0000000089100000, 0x0000000089100000| Untracked 
|  90|0x0000000089200000, 0x0000000089200000, 0x0000000089300000|  0%| F|  |TAMS 0x0000000089200000, 0x0000000089200000| Untracked 
|  91|0x0000000089300000, 0x0000000089300000, 0x0000000089400000|  0%| F|  |TAMS 0x0000000089300000, 0x0000000089300000| Untracked 
|  92|0x0000000089400000, 0x0000000089400000, 0x0000000089500000|  0%| F|  |TAMS 0x0000000089400000, 0x0000000089400000| Untracked 
|  93|0x0000000089500000, 0x0000000089500000, 0x0000000089600000|  0%| F|  |TAMS 0x0000000089500000, 0x0000000089500000| Untracked 
|  94|0x0000000089600000, 0x0000000089600000, 0x0000000089700000|  0%| F|  |TAMS 0x0000000089600000, 0x0000000089600000| Untracked 
|  95|0x0000000089700000, 0x0000000089700000, 0x0000000089800000|  0%| F|  |TAMS 0x0000000089700000, 0x0000000089700000| Untracked 
|  96|0x0000000089800000, 0x0000000089800000, 0x0000000089900000|  0%| F|  |TAMS 0x0000000089800000, 0x0000000089800000| Untracked 
|  97|0x0000000089900000, 0x0000000089900000, 0x0000000089a00000|  0%| F|  |TAMS 0x0000000089900000, 0x0000000089900000| Untracked 
|  98|0x0000000089a00000, 0x0000000089a00000, 0x0000000089b00000|  0%| F|  |TAMS 0x0000000089a00000, 0x0000000089a00000| Untracked 
|  99|0x0000000089b00000, 0x0000000089b00000, 0x0000000089c00000|  0%| F|  |TAMS 0x0000000089b00000, 0x0000000089b00000| Untracked 
| 100|0x0000000089c00000, 0x0000000089c00000, 0x0000000089d00000|  0%| F|  |TAMS 0x0000000089c00000, 0x0000000089c00000| Untracked 
| 101|0x0000000089d00000, 0x0000000089d00000, 0x0000000089e00000|  0%| F|  |TAMS 0x0000000089d00000, 0x0000000089d00000| Untracked 
| 102|0x0000000089e00000, 0x0000000089e00000, 0x0000000089f00000|  0%| F|  |TAMS 0x0000000089e00000, 0x0000000089e00000| Untracked 
| 103|0x0000000089f00000, 0x0000000089f00000, 0x000000008a000000|  0%| F|  |TAMS 0x0000000089f00000, 0x0000000089f00000| Untracked 
| 104|0x000000008a000000, 0x000000008a000000, 0x000000008a100000|  0%| F|  |TAMS 0x000000008a000000, 0x000000008a000000| Untracked 
| 105|0x000000008a100000, 0x000000008a100000, 0x000000008a200000|  0%| F|  |TAMS 0x000000008a100000, 0x000000008a100000| Untracked 
| 106|0x000000008a200000, 0x000000008a200000, 0x000000008a300000|  0%| F|  |TAMS 0x000000008a200000, 0x000000008a200000| Untracked 
| 107|0x000000008a300000, 0x000000008a300000, 0x000000008a400000|  0%| F|  |TAMS 0x000000008a300000, 0x000000008a300000| Untracked 
| 108|0x000000008a400000, 0x000000008a400000, 0x000000008a500000|  0%| F|  |TAMS 0x000000008a400000, 0x000000008a400000| Untracked 
| 109|0x000000008a500000, 0x000000008a500000, 0x000000008a600000|  0%| F|  |TAMS 0x000000008a500000, 0x000000008a500000| Untracked 
| 110|0x000000008a600000, 0x000000008a600000, 0x000000008a700000|  0%| F|  |TAMS 0x000000008a600000, 0x000000008a600000| Untracked 
| 111|0x000000008a700000, 0x000000008a700000, 0x000000008a800000|  0%| F|  |TAMS 0x000000008a700000, 0x000000008a700000| Untracked 
| 112|0x000000008a800000, 0x000000008a800000, 0x000000008a900000|  0%| F|  |TAMS 0x000000008a800000, 0x000000008a800000| Untracked 
| 113|0x000000008a900000, 0x000000008a900000, 0x000000008aa00000|  0%| F|  |TAMS 0x000000008a900000, 0x000000008a900000| Untracked 
| 114|0x000000008aa00000, 0x000000008aa00000, 0x000000008ab00000|  0%| F|  |TAMS 0x000000008aa00000, 0x000000008aa00000| Untracked 
| 115|0x000000008ab00000, 0x000000008ab00000, 0x000000008ac00000|  0%| F|  |TAMS 0x000000008ab00000, 0x000000008ab00000| Untracked 
| 116|0x000000008ac00000, 0x000000008ac00000, 0x000000008ad00000|  0%| F|  |TAMS 0x000000008ac00000, 0x000000008ac00000| Untracked 
| 117|0x000000008ad00000, 0x000000008ad00000, 0x000000008ae00000|  0%| F|  |TAMS 0x000000008ad00000, 0x000000008ad00000| Untracked 
| 118|0x000000008ae00000, 0x000000008ae00000, 0x000000008af00000|  0%| F|  |TAMS 0x000000008ae00000, 0x000000008ae00000| Untracked 
| 119|0x000000008af00000, 0x000000008af00000, 0x000000008b000000|  0%| F|  |TAMS 0x000000008af00000, 0x000000008af00000| Untracked 
| 120|0x000000008b000000, 0x000000008b000000, 0x000000008b100000|  0%| F|  |TAMS 0x000000008b000000, 0x000000008b000000| Untracked 
| 121|0x000000008b100000, 0x000000008b100000, 0x000000008b200000|  0%| F|  |TAMS 0x000000008b100000, 0x000000008b100000| Untracked 
| 122|0x000000008b200000, 0x000000008b200000, 0x000000008b300000|  0%| F|  |TAMS 0x000000008b200000, 0x000000008b200000| Untracked 
| 123|0x000000008b300000, 0x000000008b300000, 0x000000008b400000|  0%| F|  |TAMS 0x000000008b300000, 0x000000008b300000| Untracked 
| 124|0x000000008b400000, 0x000000008b4ec0e8, 0x000000008b500000| 92%| E|  |TAMS 0x000000008b400000, 0x000000008b400000| Complete 
| 125|0x000000008b500000, 0x000000008b600000, 0x000000008b600000|100%| E|CS|TAMS 0x000000008b500000, 0x000000008b500000| Complete 

Card table byte_map: [0x00000110d70b0000,0x00000110d74a0000] _byte_map_base: 0x00000110d6c94000

Marking Bits (Prev, Next): (CMBitMap*) 0x00000110c00afc00, (CMBitMap*) 0x00000110c00afc40
 Prev Bits: [0x00000110d7890000, 0x00000110d97b0000)
 Next Bits: [0x00000110d97b0000, 0x00000110db6d0000)

Polling page: 0x00000110bdfd0000

Metaspace:

Usage:
  Non-class:      1.05 MB used.
      Class:     95.92 KB used.
       Both:      1.14 MB used.

Virtual space:
  Non-class space:       64.00 MB reserved,       1.06 MB (  2%) committed,  1 nodes.
      Class space:        1.00 GB reserved,     192.00 KB ( <1%) committed,  1 nodes.
             Both:        1.06 GB reserved,       1.25 MB ( <1%) committed. 

Chunk freelists:
   Non-Class:  3.94 MB
       Class:  3.72 MB
        Both:  7.66 MB

MaxMetaspaceSize: unlimited
CompressedClassSpaceSize: 1.00 GB
Initial GC threshold: 21.00 MB
Current GC threshold: 21.00 MB
CDS: on
MetaspaceReclaimPolicy: balanced
 - commit_granule_bytes: 65536.
 - commit_granule_words: 8192.
 - virtual_space_node_default_size: 8388608.
 - enlarge_chunks_in_place: 1.
 - new_chunks_are_fully_committed: 0.
 - uncommit_free_chunks: 1.
 - use_allocation_guard: 0.


Internal statistics:

num_allocs_failed_limit: 0.
num_arena_births: 46.
num_arena_deaths: 0.
num_vsnodes_births: 2.
num_vsnodes_deaths: 0.
num_space_committed: 20.
num_space_uncommitted: 0.
num_chunks_returned_to_freelist: 0.
num_chunks_taken_from_freelist: 51.
num_chunk_merges: 0.
num_chunk_splits: 34.
num_chunks_enlarged: 21.
num_inconsistent_stats: 0.

CodeHeap 'non-profiled nmethods': size=120000Kb used=73Kb max_used=73Kb free=119926Kb
 bounds [0x00000110cf450000, 0x00000110cf6c0000, 0x00000110d6980000]
CodeHeap 'profiled nmethods': size=120000Kb used=272Kb max_used=272Kb free=119727Kb
 bounds [0x00000110c7f20000, 0x00000110c8190000, 0x00000110cf450000]
CodeHeap 'non-nmethods': size=5760Kb used=1101Kb max_used=1111Kb free=4658Kb
 bounds [0x00000110c7980000, 0x00000110c7bf0000, 0x00000110c7f20000]
 total_blobs=593 nmethods=229 adapters=277
 compilation: enabled
              stopped_count=0, restarted_count=0
 full_count=0

Compilation events (20 events):
Event: 0.091 Thread 0x00000110de0bc400  220       3       java.lang.invoke.MethodType::checkPtypes (76 bytes)
Event: 0.092 Thread 0x00000110de0bc400 nmethod 220 0x00000110c7f5fa10 code [0x00000110c7f5fc80, 0x00000110c7f605e8]
Event: 0.092 Thread 0x00000110de0bc400  222       3       jdk.internal.org.objectweb.asm.SymbolTable::addConstantUtf8Reference (101 bytes)
Event: 0.092 Thread 0x00000110de0bc400 nmethod 222 0x00000110c7f60990 code [0x00000110c7f60ba0, 0x00000110c7f61198]
Event: 0.092 Thread 0x00000110de0bc400  226       3       java.util.ImmutableCollections$ListN::size (6 bytes)
Event: 0.092 Thread 0x00000110de0bc400 nmethod 226 0x00000110c7f61490 code [0x00000110c7f61620, 0x00000110c7f61738]
Event: 0.092 Thread 0x00000110de0bc400  225       3       java.lang.invoke.MemberName::getReferenceKind (12 bytes)
Event: 0.092 Thread 0x00000110de0bc400 nmethod 225 0x00000110c7f61810 code [0x00000110c7f619a0, 0x00000110c7f61ab8]
Event: 0.092 Thread 0x00000110de0bc400  221       3       jdk.internal.org.objectweb.asm.SymbolTable::addConstantClass (8 bytes)
Event: 0.092 Thread 0x00000110de0bc400 nmethod 221 0x00000110c7f61b90 code [0x00000110c7f61d20, 0x00000110c7f61e68]
Event: 0.092 Thread 0x00000110de0bc400  223       3       jdk.internal.org.objectweb.asm.ByteVector::put122 (93 bytes)
Event: 0.092 Thread 0x00000110de0bc400 nmethod 223 0x00000110c7f61f10 code [0x00000110c7f620c0, 0x00000110c7f62348]
Event: 0.092 Thread 0x00000110de0bc400  228       3       jdk.internal.org.objectweb.asm.MethodWriter::visitVarInsn (302 bytes)
Event: 0.093 Thread 0x00000110de0bc400 nmethod 228 0x00000110c7f62510 code [0x00000110c7f62760, 0x00000110c7f63108]
Event: 0.093 Thread 0x00000110de0bc400  219       3       java.lang.invoke.MemberName::isStatic (8 bytes)
Event: 0.093 Thread 0x00000110de0bc400 nmethod 219 0x00000110c7f63390 code [0x00000110c7f63520, 0x00000110c7f636f8]
Event: 0.093 Thread 0x00000110de0bc400  215       1       sun.invoke.util.Wrapper::basicTypeChar (5 bytes)
Event: 0.093 Thread 0x00000110de0bc400 nmethod 215 0x00000110cf462190 code [0x00000110cf462320, 0x00000110cf4623f8]
Event: 0.093 Thread 0x00000110de0bc400  229       3       java.lang.String::substring (58 bytes)
Event: 0.093 Thread 0x00000110de0bc400 nmethod 229 0x00000110c7f63790 code [0x00000110c7f639a0, 0x00000110c7f63fc8]

GC Heap History (0 events):
No events

Deoptimization events (0 events):
No events

Classes loaded (20 events):
Event: 0.094 Loading class java/awt/event/NativeLibLoader$1 done
Event: 0.095 Loading class java/awt/event/InputEvent$1
Event: 0.095 Loading class sun/awt/AWTAccessor$InputEventAccessor
Event: 0.095 Loading class sun/awt/AWTAccessor$InputEventAccessor done
Event: 0.095 Loading class java/awt/event/InputEvent$1 done
Event: 0.095 Loading class sun/awt/windows/WComponentPeer
Event: 0.095 Loading class java/awt/peer/ComponentPeer
Event: 0.095 Loading class java/awt/peer/ComponentPeer done
Event: 0.095 Loading class java/awt/dnd/peer/DropTargetPeer
Event: 0.095 Loading class java/awt/dnd/peer/DropTargetPeer done
Event: 0.095 Loading class sun/awt/windows/WObjectPeer
Event: 0.095 Loading class sun/awt/windows/WObjectPeer done
Event: 0.095 Loading class sun/awt/windows/WComponentPeer done
Event: 0.095 Loading class java/awt/Font
Event: 0.095 Loading class java/awt/Font done
Event: 0.096 Loading class java/awt/Font$FontAccessImpl
Event: 0.096 Loading class sun/font/FontAccess
Event: 0.096 Loading class sun/font/FontAccess done
Event: 0.096 Loading class java/awt/Font$FontAccessImpl done
Event: 0.096 Loading class java/awt/geom/AffineTransform

Classes unloaded (0 events):
No events

Classes redefined (0 events):
No events

Internal exceptions (3 events):
Event: 0.065 Thread 0x00000110c0050f00 Exception <a 'java/lang/ClassNotFoundException'{0x000000008b454f38}: sun/awt/resources/spi/awtProvider> (0x000000008b454f38) 
thrown [t:\workspace\open\src\hotspot\share\classfile\systemDictionary.cpp, line 255]
Event: 0.085 Thread 0x00000110c0050f00 Exception <a 'java/io/FileNotFoundException'{0x000000008b4aa320}> (0x000000008b4aa320) 
thrown [t:\workspace\open\src\hotspot\share\prims\jni.cpp, line 516]
Event: 0.093 Thread 0x00000110c0050f00 Exception <a 'java/io/FileNotFoundException'{0x000000008b4d7320}> (0x000000008b4d7320) 
thrown [t:\workspace\open\src\hotspot\share\prims\jni.cpp, line 516]

VM Operations (0 events):
No events

Events (16 events):
Event: 0.006 Loaded shared library C:\Program Files\Java\jdk-18\bin\java.dll
Event: 0.013 Loaded shared library C:\Program Files\Java\jdk-18\bin\jsvml.dll
Event: 0.013 Thread 0x00000110c0050f00 Thread added: 0x00000110c0050f00
Event: 0.015 Thread 0x00000110de08bea0 Thread added: 0x00000110de08bea0
Event: 0.015 Thread 0x00000110de08cb00 Thread added: 0x00000110de08cb00
Event: 0.027 Thread 0x00000110de0a8e20 Thread added: 0x00000110de0a8e20
Event: 0.027 Thread 0x00000110de0a97c0 Thread added: 0x00000110de0a97c0
Event: 0.027 Thread 0x00000110de0aa570 Thread added: 0x00000110de0aa570
Event: 0.027 Thread 0x00000110de0b5870 Thread added: 0x00000110de0b5870
Event: 0.028 Thread 0x00000110de0bba20 Thread added: 0x00000110de0bba20
Event: 0.028 Thread 0x00000110de0bc400 Thread added: 0x00000110de0bc400
Event: 0.028 Thread 0x00000110de0bedf0 Thread added: 0x00000110de0bedf0
Event: 0.040 Thread 0x00000110de0b66e0 Thread added: 0x00000110de0b66e0
Event: 0.043 Thread 0x00000110de0b7080 Thread added: 0x00000110de0b7080
Event: 0.059 Loaded shared library C:\Program Files\Java\jdk-18\bin\jimage.dll
Event: 0.074 Loaded shared library C:\Program Files\Java\jdk-18\bin\awt.dll


Dynamic libraries:
0x00007ff75bd20000 - 0x00007ff75bd30000 	C:\Program Files\Java\jdk-18\bin\java.exe
0x00007ffa70e30000 - 0x00007ffa71028000 	C:\WINDOWS\SYSTEM32\ntdll.dll
0x00007ffa6f020000 - 0x00007ffa6f0dd000 	C:\WINDOWS\System32\KERNEL32.DLL
0x00007ffa6e7f0000 - 0x00007ffa6eac2000 	C:\WINDOWS\System32\KERNELBASE.dll
0x00007ffa64a90000 - 0x00007ffa64aaa000 	C:\Program Files\Java\jdk-18\bin\VCRUNTIME140.dll
0x00007ffa6e690000 - 0x00007ffa6e790000 	C:\WINDOWS\System32\ucrtbase.dll
0x00007ffa65810000 - 0x00007ffa65828000 	C:\Program Files\Java\jdk-18\bin\jli.dll
0x00007ffa70b60000 - 0x00007ffa70c0e000 	C:\WINDOWS\System32\ADVAPI32.dll
0x00007ffa6fb60000 - 0x00007ffa6fbfe000 	C:\WINDOWS\System32\msvcrt.dll
0x00007ffa6f820000 - 0x00007ffa6f8bc000 	C:\WINDOWS\System32\sechost.dll
0x00007ffa70c10000 - 0x00007ffa70d35000 	C:\WINDOWS\System32\RPCRT4.dll
0x00007ffa70070000 - 0x00007ffa7020d000 	C:\WINDOWS\System32\USER32.dll
0x00007ffa512e0000 - 0x00007ffa5157a000 	C:\WINDOWS\WinSxS\amd64_microsoft.windows.common-controls_6595b64144ccf1df_6.0.19041.1110_none_60b5254171f9507e\COMCTL32.dll
0x00007ffa6e790000 - 0x00007ffa6e7b2000 	C:\WINDOWS\System32\win32u.dll
0x00007ffa6f200000 - 0x00007ffa6f22b000 	C:\WINDOWS\System32\GDI32.dll
0x00007ffa6eca0000 - 0x00007ffa6edaf000 	C:\WINDOWS\System32\gdi32full.dll
0x00007ffa5f750000 - 0x00007ffa5f75a000 	C:\WINDOWS\SYSTEM32\VERSION.dll
0x00007ffa6e540000 - 0x00007ffa6e5dd000 	C:\WINDOWS\System32\msvcp_win.dll
0x00007ffa6f7f0000 - 0x00007ffa6f820000 	C:\WINDOWS\System32\IMM32.DLL
0x00007ffa64ba0000 - 0x00007ffa64bac000 	C:\Program Files\Java\jdk-18\bin\vcruntime140_1.dll
0x00007ffa0d7b0000 - 0x00007ffa0d83d000 	C:\Program Files\Java\jdk-18\bin\msvcp140.dll
0x00007ffa16810000 - 0x00007ffa17421000 	C:\Program Files\Java\jdk-18\bin\server\jvm.dll
0x00007ffa6ee90000 - 0x00007ffa6ee98000 	C:\WINDOWS\System32\PSAPI.DLL
0x00007ffa64bb0000 - 0x00007ffa64bb9000 	C:\WINDOWS\SYSTEM32\WSOCK32.dll
0x00007ffa52b10000 - 0x00007ffa52b37000 	C:\WINDOWS\SYSTEM32\WINMM.dll
0x00007ffa6f0e0000 - 0x00007ffa6f14b000 	C:\WINDOWS\System32\WS2_32.dll
0x00007ffa6c5e0000 - 0x00007ffa6c5f2000 	C:\WINDOWS\SYSTEM32\kernel.appcore.dll
0x00007ffa42490000 - 0x00007ffa4249a000 	C:\Program Files\Java\jdk-18\bin\jimage.dll
0x00007ffa6c170000 - 0x00007ffa6c354000 	C:\WINDOWS\SYSTEM32\DBGHELP.DLL
0x00007ffa4ffd0000 - 0x00007ffa4fffc000 	C:\WINDOWS\SYSTEM32\dbgcore.DLL
0x00007ffa6edb0000 - 0x00007ffa6ee32000 	C:\WINDOWS\System32\bcryptPrimitives.dll
0x00007ffa1fe70000 - 0x00007ffa1fe95000 	C:\Program Files\Java\jdk-18\bin\java.dll
0x00007ffa0daa0000 - 0x00007ffa0db76000 	C:\Program Files\Java\jdk-18\bin\jsvml.dll
0x00007ffa70340000 - 0x00007ffa70a83000 	C:\WINDOWS\System32\SHELL32.dll
0x00007ffa6c600000 - 0x00007ffa6cd91000 	C:\WINDOWS\SYSTEM32\windows.storage.dll
0x00007ffa6f350000 - 0x00007ffa6f6a4000 	C:\WINDOWS\System32\combase.dll
0x00007ffa6dfa0000 - 0x00007ffa6dfd0000 	C:\WINDOWS\SYSTEM32\Wldp.dll
0x00007ffa6f6b0000 - 0x00007ffa6f75d000 	C:\WINDOWS\System32\SHCORE.dll
0x00007ffa6f230000 - 0x00007ffa6f285000 	C:\WINDOWS\System32\shlwapi.dll
0x00007ffa6e480000 - 0x00007ffa6e49f000 	C:\WINDOWS\SYSTEM32\profapi.dll
0x00007ffa0d840000 - 0x00007ffa0d9cf000 	C:\Program Files\Java\jdk-18\bin\awt.dll
0x00007ffa70a90000 - 0x00007ffa70b5d000 	C:\WINDOWS\System32\OLEAUT32.dll
0x00007ffa6b990000 - 0x00007ffa6ba21000 	C:\WINDOWS\SYSTEM32\apphelp.dll

dbghelp: loaded successfully - version: 4.0.5 - missing functions: none
symbol engine: initialized successfully - sym options: 0x614 - pdb path: .;C:\Program Files\Java\jdk-18\bin;C:\WINDOWS\SYSTEM32;C:\WINDOWS\WinSxS\amd64_microsoft.windows.common-controls_6595b64144ccf1df_6.0.19041.1110_none_60b5254171f9507e;C:\Program Files\Java\jdk-18\bin\server

VM Arguments:
java_command: com.mycompany.losentussi.Dibujar
java_class_path (initial): C:\Users\juanm\OneDrive\Escritorio\Proyectos repositorios\Proyecto-de-Programacion\LosEntussi\target\classes
Launcher Type: SUN_STANDARD

[Global flags]
     intx CICompilerCount                          = 4                                         {product} {ergonomic}
     uint ConcGCThreads                            = 2                                         {product} {ergonomic}
     uint G1ConcRefinementThreads                  = 8                                         {product} {ergonomic}
   size_t G1HeapRegionSize                         = 1048576                                   {product} {ergonomic}
    uintx GCDrainStackTargetSize                   = 64                                        {product} {ergonomic}
   size_t InitialHeapSize                          = 132120576                                 {product} {ergonomic}
   size_t MarkStackSize                            = 4194304                                   {product} {ergonomic}
   size_t MaxHeapSize                              = 2088763392                                {product} {ergonomic}
   size_t MaxNewSize                               = 1253048320                                {product} {ergonomic}
   size_t MinHeapDeltaBytes                        = 1048576                                   {product} {ergonomic}
   size_t MinHeapSize                              = 8388608                                   {product} {ergonomic}
    uintx NonNMethodCodeHeapSize                   = 5839372                                {pd product} {ergonomic}
    uintx NonProfiledCodeHeapSize                  = 122909434                              {pd product} {ergonomic}
    uintx ProfiledCodeHeapSize                     = 122909434                              {pd product} {ergonomic}
    uintx ReservedCodeCacheSize                    = 251658240                              {pd product} {ergonomic}
     bool SegmentedCodeCache                       = true                                      {product} {ergonomic}
   size_t SoftMaxHeapSize                          = 2088763392                             {manageable} {ergonomic}
     bool UseCompressedClassPointers               = true                           {product lp64_product} {ergonomic}
     bool UseCompressedOops                        = true                           {product lp64_product} {ergonomic}
     bool UseG1GC                                  = true                                      {product} {ergonomic}
     bool UseLargePagesIndividualAllocation        = false                                  {pd product} {ergonomic}

Logging:
Log output configuration:
 #0: stdout all=warning uptime,level,tags foldmultilines=false
 #1: stderr all=off uptime,level,tags foldmultilines=false

Environment Variables:
JAVA_HOME=C:\Program Files\Java\jdk-18
PATH=C:\Program Files\Common Files\Oracle\Java\javapath;C:\ProgramData\Oracle\Java\javapath;C:\windows\system32;C:\windows;C:\windows\System32\Wbem;C:\windows\System32\WindowsPowerShell\v1.0\;C:\windows\System32\OpenSSH\;C:\Program Files (x86)\NVIDIA Corporation\PhysX\Common;C:\Program Files\NVIDIA Corporation\NVIDIA NvDLISR;C:\WINDOWS\system32;C:\WINDOWS;C:\WINDOWS\System32\Wbem;C:\WINDOWS\System32\WindowsPowerShell\v1.0\;C:\WINDOWS\System32\OpenSSH\;C:\Program Files\Microsoft SQL Server\Client SDK\ODBC\170\Tools\Binn\;C:\Program Files (x86)\Microsoft SQL Server\150\Tools\Binn\;C:\Program Files\Microsoft SQL Server\150\Tools\Binn\;C:\Program Files\Microsoft SQL Server\150\DTS\Binn\;C:\Program Files (x86)\Microsoft SQL Server\150\DTS\Binn\;C:\Program Files\Azure Data Studio\bin;C:\TDM-GCC-64\bin;C:\Users\juanm\AppData\Local\Programs\Python\Python39\Scripts\;C:\Users\juanm\AppData\Local\Programs\Python\Python39\;C:\Users\juanm\AppData\Local\Microsoft\WindowsApps;C:\Users\juanm\AppData\Local\Programs\Microsoft VS Code\bin;C:\Program Files\Azure Data Studio\bin;C:\Users\juanm\AppData\Local\gitkraken\bin
USERNAME=juanm
OS=Windows_NT
PROCESSOR_IDENTIFIER=Intel64 Family 6 Model 165 Stepping 2, GenuineIntel



---------------  S Y S T E M  ---------------

OS:
 Windows 10 , 64 bit Build 19041 (10.0.19041.1889)
OS uptime: 0 days 8:47 hours

CPU: total 8 (initial active 8) (4 cores per cpu, 2 threads per core) family 6 model 165 stepping 2 microcode 0xc8, cx8, cmov, fxsr, ht, mmx, 3dnowpref, sse, sse2, sse3, ssse3, sse4.1, sse4.2, popcnt, lzcnt, tsc, tscinvbit, avx, avx2, aes, erms, clmul, bmi1, bmi2, adx, fma, vzeroupper, clflush, clflushopt

Memory: 4k page, system-wide physical 7963M (614M free)
TotalPageFile size 32539M (AvailPageFile size 2M)
current process WorkingSet (physical memory assigned to process): 34M, peak: 34M
current process commit charge ("private bytes"): 210M, peak: 210M

vm_info: Java HotSpot(TM) 64-Bit Server VM (18+36-2087) for windows-amd64 JRE (18+36-2087), built on Feb 15 2022 09:43:11 by "mach5one" with MS VC++ 16.8 / 16.9 (VS2019)

END.
